<?xml version="1.0" encoding="UTF-8"?>
<coverage generated="1525940027725" clover="3.2.0">
  <project timestamp="1525940027726" name="All files">
    <metrics statements="32" coveredstatements="32" conditionals="12" coveredconditionals="12" methods="17" coveredmethods="17" elements="61" coveredelements="61" complexity="0" loc="32" ncloc="32" packages="8" files="14" classes="14">
      <package name="components">
        <metrics statements="1" coveredstatements="1" conditionals="0" coveredconditionals="0" methods="1" coveredmethods="1"/>
        <file name="ExternalLink.js" path="/home/travis/build/Stupidism/cra-rewired-starter/src/components/ExternalLink.js">
          <metrics statements="1" coveredstatements="1" conditionals="0" coveredconditionals="0" methods="1" coveredmethods="1"/>
          <line num="4" count="2" type="stmt"/>
        </file>
      </package>
      <package name="containers.Header">
        <metrics statements="2" coveredstatements="2" conditionals="2" coveredconditionals="2" methods="1" coveredmethods="1"/>
        <file name="Header.js" path="/home/travis/build/Stupidism/cra-rewired-starter/src/containers/Header/Header.js">
          <metrics statements="2" coveredstatements="2" conditionals="2" coveredconditionals="2" methods="1" coveredmethods="1"/>
          <line num="10" count="2" type="stmt"/>
          <line num="11" count="3" type="stmt"/>
        </file>
        <file name="index.js" path="/home/travis/build/Stupidism/cra-rewired-starter/src/containers/Header/index.js">
          <metrics statements="0" coveredstatements="0" conditionals="0" coveredconditionals="0" methods="0" coveredmethods="0"/>
        </file>
      </package>
      <package name="routes">
        <metrics statements="1" coveredstatements="1" conditionals="0" coveredconditionals="0" methods="1" coveredmethods="1"/>
        <file name="NotFoundPage.js" path="/home/travis/build/Stupidism/cra-rewired-starter/src/routes/NotFoundPage.js">
          <metrics statements="1" coveredstatements="1" conditionals="0" coveredconditionals="0" methods="1" coveredmethods="1"/>
          <line num="5" count="2" type="stmt"/>
        </file>
      </package>
      <package name="routes.App">
        <metrics statements="1" coveredstatements="1" conditionals="0" coveredconditionals="0" methods="1" coveredmethods="1"/>
        <file name="App.js" path="/home/travis/build/Stupidism/cra-rewired-starter/src/routes/App/App.js">
          <metrics statements="1" coveredstatements="1" conditionals="0" coveredconditionals="0" methods="1" coveredmethods="1"/>
          <line num="12" count="3" type="stmt"/>
        </file>
        <file name="index.js" path="/home/travis/build/Stupidism/cra-rewired-starter/src/routes/App/index.js">
          <metrics statements="0" coveredstatements="0" conditionals="0" coveredconditionals="0" methods="0" coveredmethods="0"/>
        </file>
      </package>
      <package name="routes.HomePage">
        <metrics statements="6" coveredstatements="6" conditionals="0" coveredconditionals="0" methods="4" coveredmethods="4"/>
        <file name="HomePage.js" path="/home/travis/build/Stupidism/cra-rewired-starter/src/routes/HomePage/HomePage.js">
          <metrics statements="2" coveredstatements="2" conditionals="0" coveredconditionals="0" methods="1" coveredmethods="1"/>
          <line num="9" count="2" type="stmt"/>
          <line num="10" count="1" type="stmt"/>
        </file>
        <file name="LogoSpinSwitch.js" path="/home/travis/build/Stupidism/cra-rewired-starter/src/routes/HomePage/LogoSpinSwitch.js">
          <metrics statements="4" coveredstatements="4" conditionals="0" coveredconditionals="0" methods="3" coveredmethods="3"/>
          <line num="9" count="3" type="stmt"/>
          <line num="10" count="1" type="stmt"/>
          <line num="13" count="3" type="stmt"/>
          <line num="14" count="2" type="stmt"/>
        </file>
        <file name="index.js" path="/home/travis/build/Stupidism/cra-rewired-starter/src/routes/HomePage/index.js">
          <metrics statements="0" coveredstatements="0" conditionals="0" coveredconditionals="0" methods="0" coveredmethods="0"/>
        </file>
      </package>
      <package name="store">
        <metrics statements="16" coveredstatements="16" conditionals="8" coveredconditionals="8" methods="6" coveredmethods="6"/>
        <file name="connect.js" path="/home/travis/build/Stupidism/cra-rewired-starter/src/store/connect.js">
          <metrics statements="10" coveredstatements="10" conditionals="4" coveredconditionals="4" methods="4" coveredmethods="4"/>
          <line num="7" count="8" type="stmt"/>
          <line num="8" count="3" type="stmt"/>
          <line num="9" count="4" type="cond" truecount="2" falsecount="0"/>
          <line num="10" count="2" type="stmt"/>
          <line num="13" count="2" type="stmt"/>
          <line num="16" count="5" type="stmt"/>
          <line num="17" count="7" type="cond" truecount="2" falsecount="0"/>
          <line num="19" count="6" type="stmt"/>
          <line num="21" count="6" type="stmt"/>
          <line num="24" count="5" type="stmt"/>
        </file>
        <file name="index.js" path="/home/travis/build/Stupidism/cra-rewired-starter/src/store/index.js">
          <metrics statements="6" coveredstatements="6" conditionals="4" coveredconditionals="4" methods="2" coveredmethods="2"/>
          <line num="6" count="6" type="cond" truecount="2" falsecount="0"/>
          <line num="7" count="8" type="stmt"/>
          <line num="8" count="8" type="stmt"/>
          <line num="11" count="8" type="cond" truecount="2" falsecount="0"/>
          <line num="13" count="8" type="stmt"/>
          <line num="18" count="8" type="stmt"/>
        </file>
        <file name="reducers.js" path="/home/travis/build/Stupidism/cra-rewired-starter/src/store/reducers.js">
          <metrics statements="0" coveredstatements="0" conditionals="0" coveredconditionals="0" methods="0" coveredmethods="0"/>
        </file>
      </package>
      <package name="store.modules">
        <metrics statements="4" coveredstatements="4" conditionals="0" coveredconditionals="0" methods="2" coveredmethods="2"/>
        <file name="runtime.js" path="/home/travis/build/Stupidism/cra-rewired-starter/src/store/modules/runtime.js">
          <metrics statements="4" coveredstatements="4" conditionals="0" coveredconditionals="0" methods="2" coveredmethods="2"/>
          <line num="7" count="7" type="stmt"/>
          <line num="22" count="7" type="stmt"/>
          <line num="30" count="7" type="stmt"/>
          <line num="35" count="1" type="stmt"/>
        </file>
      </package>
      <package name="store.selectors">
        <metrics statements="1" coveredstatements="1" conditionals="2" coveredconditionals="2" methods="1" coveredmethods="1"/>
        <file name="logoSpinning.js" path="/home/travis/build/Stupidism/cra-rewired-starter/src/store/selectors/logoSpinning.js">
          <metrics statements="1" coveredstatements="1" conditionals="2" coveredconditionals="2" methods="1" coveredmethods="1"/>
          <line num="3" count="5" type="cond" truecount="2" falsecount="0"/>
        </file>
      </package>
    </metrics>
  </project>
</coverage>
