{"/Users/feng.sun/Documents/cra-rewired-starter/src/apis/fetch.js": {"path":"/Users/feng.sun/Documents/cra-rewired-starter/src/apis/fetch.js","statementMap":{"0":{"start":{"line":3,"column":16},"end":{"line":3,"column":45}},"1":{"start":{"line":5,"column":36},"end":{"line":5,"column":61}},"2":{"start":{"line":5,"column":47},"end":{"line":5,"column":61}},"3":{"start":{"line":7,"column":27},"end":{"line":17,"column":1}},"4":{"start":{"line":7,"column":45},"end":{"line":17,"column":1}},"5":{"start":{"line":8,"column":2},"end":{"line":9,"column":60}},"6":{"start":{"line":9,"column":4},"end":{"line":9,"column":60}},"7":{"start":{"line":11,"column":51},"end":{"line":11,"column":58}},"8":{"start":{"line":14,"column":4},"end":{"line":14,"column":70}},"9":{"start":{"line":16,"column":2},"end":{"line":16,"column":74}},"10":{"start":{"line":19,"column":30},"end":{"line":21,"column":32}}},"fnMap":{"0":{"name":"(anonymous_0)","decl":{"start":{"line":5,"column":36},"end":{"line":5,"column":37}},"loc":{"start":{"line":5,"column":47},"end":{"line":5,"column":61}},"line":5},"1":{"name":"(anonymous_1)","decl":{"start":{"line":7,"column":27},"end":{"line":7,"column":28}},"loc":{"start":{"line":7,"column":45},"end":{"line":17,"column":1}},"line":7},"2":{"name":"(anonymous_2)","decl":{"start":{"line":7,"column":45},"end":{"line":7,"column":46}},"loc":{"start":{"line":7,"column":56},"end":{"line":17,"column":1}},"line":7}},"branchMap":{"0":{"loc":{"start":{"line":8,"column":2},"end":{"line":9,"column":60}},"type":"if","locations":[{"start":{"line":8,"column":2},"end":{"line":9,"column":60}},{"start":{"line":8,"column":2},"end":{"line":9,"column":60}}],"line":8},"1":{"loc":{"start":{"line":11,"column":15},"end":{"line":11,"column":29}},"type":"default-arg","locations":[{"start":{"line":11,"column":24},"end":{"line":11,"column":29}}],"line":11},"2":{"loc":{"start":{"line":14,"column":4},"end":{"line":14,"column":70}},"type":"binary-expr","locations":[{"start":{"line":14,"column":4},"end":{"line":14,"column":9}},{"start":{"line":14,"column":14},"end":{"line":14,"column":40}},{"start":{"line":14,"column":44},"end":{"line":14,"column":69}}],"line":14}},"s":{"0":9,"1":9,"2":1,"3":9,"4":12,"5":3,"6":1,"7":2,"8":2,"9":2,"10":9},"f":{"0":1,"1":12,"2":3},"b":{"0":[1,2],"1":[1],"2":[2,2,2]},"_coverageSchema":"332fd63041d2c1bcb487cc26dd0d5f7d97098a6c","hash":"426de5162edcb478d40fdcef934210986aceab2b"}
,"/Users/feng.sun/Documents/cra-rewired-starter/src/apis/index.js": {"path":"/Users/feng.sun/Documents/cra-rewired-starter/src/apis/index.js","statementMap":{},"fnMap":{},"branchMap":{},"s":{},"f":{},"b":{},"_coverageSchema":"332fd63041d2c1bcb487cc26dd0d5f7d97098a6c","hash":"b24e214ef701f5f22666cabc9fca3f29500b769d"}
,"/Users/feng.sun/Documents/cra-rewired-starter/src/apis/mashape/random-quotes/list.js": {"path":"/Users/feng.sun/Documents/cra-rewired-starter/src/apis/mashape/random-quotes/list.js","statementMap":{"0":{"start":{"line":1,"column":22},"end":{"line":6,"column":1}}},"fnMap":{"0":{"name":"(anonymous_0)","decl":{"start":{"line":1,"column":15},"end":{"line":1,"column":16}},"loc":{"start":{"line":1,"column":22},"end":{"line":6,"column":1}},"line":1}},"branchMap":{},"s":{"0":4},"f":{"0":4},"b":{},"_coverageSchema":"332fd63041d2c1bcb487cc26dd0d5f7d97098a6c","hash":"4341ce09a4e55230ce052949f2428664aeba2ae6"}
,"/Users/feng.sun/Documents/cra-rewired-starter/src/components/Dependencies/Dependencies.js": {"path":"/Users/feng.sun/Documents/cra-rewired-starter/src/components/Dependencies/Dependencies.js","statementMap":{"0":{"start":{"line":12,"column":14},"end":{"line":49,"column":1}},"1":{"start":{"line":52,"column":2},"end":{"line":56,"column":8}},"2":{"start":{"line":59,"column":21},"end":{"line":94,"column":1}},"3":{"start":{"line":60,"column":2},"end":{"line":93,"column":8}}},"fnMap":{"0":{"name":"(anonymous_0)","decl":{"start":{"line":59,"column":21},"end":{"line":59,"column":22}},"loc":{"start":{"line":60,"column":2},"end":{"line":93,"column":8}},"line":60}},"branchMap":{},"s":{"0":2,"1":2,"2":2,"3":1},"f":{"0":1},"b":{},"_coverageSchema":"332fd63041d2c1bcb487cc26dd0d5f7d97098a6c","hash":"55713c6fab5e11abf1e1462347b27e3bd5e8a875"}
,"/Users/feng.sun/Documents/cra-rewired-starter/src/components/Dependencies/index.js": {"path":"/Users/feng.sun/Documents/cra-rewired-starter/src/components/Dependencies/index.js","statementMap":{"0":{"start":{"line":8,"column":4},"end":{"line":11,"column":5}}},"fnMap":{"0":{"name":"(anonymous_0)","decl":{"start":{"line":7,"column":10},"end":{"line":7,"column":11}},"loc":{"start":{"line":8,"column":4},"end":{"line":11,"column":5}},"line":8}},"branchMap":{},"s":{"0":1},"f":{"0":1},"b":{},"_coverageSchema":"332fd63041d2c1bcb487cc26dd0d5f7d97098a6c","hash":"1a07c95b497ec3e7cd4360fb27a1810bb0b9c920"}
,"/Users/feng.sun/Documents/cra-rewired-starter/src/components/DevDependencies/DevDependencies.js": {"path":"/Users/feng.sun/Documents/cra-rewired-starter/src/components/DevDependencies/DevDependencies.js","statementMap":{"0":{"start":{"line":4,"column":14},"end":{"line":92,"column":1}},"1":{"start":{"line":94,"column":21},"end":{"line":151,"column":1}},"2":{"start":{"line":95,"column":2},"end":{"line":150,"column":13}}},"fnMap":{"0":{"name":"(anonymous_0)","decl":{"start":{"line":94,"column":21},"end":{"line":94,"column":22}},"loc":{"start":{"line":95,"column":2},"end":{"line":150,"column":13}},"line":95}},"branchMap":{},"s":{"0":2,"1":2,"2":1},"f":{"0":1},"b":{},"_coverageSchema":"332fd63041d2c1bcb487cc26dd0d5f7d97098a6c","hash":"7d04e28bbaeb83d06185adc5a4cd2703b84a01ed"}
,"/Users/feng.sun/Documents/cra-rewired-starter/src/components/DevDependencies/index.js": {"path":"/Users/feng.sun/Documents/cra-rewired-starter/src/components/DevDependencies/index.js","statementMap":{"0":{"start":{"line":8,"column":4},"end":{"line":11,"column":5}}},"fnMap":{"0":{"name":"(anonymous_0)","decl":{"start":{"line":7,"column":10},"end":{"line":7,"column":11}},"loc":{"start":{"line":8,"column":4},"end":{"line":11,"column":5}},"line":8}},"branchMap":{},"s":{"0":1},"f":{"0":1},"b":{},"_coverageSchema":"332fd63041d2c1bcb487cc26dd0d5f7d97098a6c","hash":"c2a6ac447b6f7270b35d6c1776e6823fb43afab0"}
,"/Users/feng.sun/Documents/cra-rewired-starter/src/components/ReactLoadableDependency/ReactLoadableDependency.js": {"path":"/Users/feng.sun/Documents/cra-rewired-starter/src/components/ReactLoadableDependency/ReactLoadableDependency.js","statementMap":{"0":{"start":{"line":5,"column":14},"end":{"line":11,"column":1}},"1":{"start":{"line":13,"column":32},"end":{"line":22,"column":1}},"2":{"start":{"line":14,"column":2},"end":{"line":21,"column":8}}},"fnMap":{"0":{"name":"(anonymous_0)","decl":{"start":{"line":13,"column":32},"end":{"line":13,"column":33}},"loc":{"start":{"line":14,"column":2},"end":{"line":21,"column":8}},"line":14}},"branchMap":{},"s":{"0":3,"1":3,"2":3},"f":{"0":3},"b":{},"_coverageSchema":"332fd63041d2c1bcb487cc26dd0d5f7d97098a6c","hash":"1ae7cf73b9e699a794df56b793dccfc5503e3fd8"}
,"/Users/feng.sun/Documents/cra-rewired-starter/src/components/ReactLoadableDependency/index.js": {"path":"/Users/feng.sun/Documents/cra-rewired-starter/src/components/ReactLoadableDependency/index.js","statementMap":{},"fnMap":{},"branchMap":{},"s":{},"f":{},"b":{},"_coverageSchema":"332fd63041d2c1bcb487cc26dd0d5f7d97098a6c","hash":"02549b3d4e414b6f59b4a89dfde5e63fe72dc749"}
,"/Users/feng.sun/Documents/cra-rewired-starter/src/containers/Header/Header.js": {"path":"/Users/feng.sun/Documents/cra-rewired-starter/src/containers/Header/Header.js","statementMap":{"0":{"start":{"line":11,"column":30},"end":{"line":20,"column":1}},"1":{"start":{"line":12,"column":2},"end":{"line":19,"column":18}}},"fnMap":{"0":{"name":"(anonymous_0)","decl":{"start":{"line":11,"column":30},"end":{"line":11,"column":31}},"loc":{"start":{"line":12,"column":2},"end":{"line":19,"column":18}},"line":12}},"branchMap":{"0":{"loc":{"start":{"line":15,"column":25},"end":{"line":15,"column":61}},"type":"cond-expr","locations":[{"start":{"line":15,"column":40},"end":{"line":15,"column":42}},{"start":{"line":15,"column":45},"end":{"line":15,"column":61}}],"line":15}},"s":{"0":2,"1":3},"f":{"0":3},"b":{"0":[1,2]},"_coverageSchema":"332fd63041d2c1bcb487cc26dd0d5f7d97098a6c","hash":"7cfb1a9adf58ef7125f80dc0d6fc79443d75959f"}
,"/Users/feng.sun/Documents/cra-rewired-starter/src/containers/Header/index.js": {"path":"/Users/feng.sun/Documents/cra-rewired-starter/src/containers/Header/index.js","statementMap":{},"fnMap":{},"branchMap":{},"s":{},"f":{},"b":{},"_coverageSchema":"332fd63041d2c1bcb487cc26dd0d5f7d97098a6c","hash":"b5eecc3c6e7b3b00eb491525c414824c35165e3a"}
,"/Users/feng.sun/Documents/cra-rewired-starter/src/containers/LogoSpinSwitch/LogoSpinSwitch.js": {"path":"/Users/feng.sun/Documents/cra-rewired-starter/src/containers/LogoSpinSwitch/LogoSpinSwitch.js","statementMap":{"0":{"start":{"line":9,"column":30},"end":{"line":16,"column":1}},"1":{"start":{"line":10,"column":2},"end":{"line":15,"column":4}},"2":{"start":{"line":18,"column":30},"end":{"line":19,"column":55}},"3":{"start":{"line":18,"column":62},"end":{"line":19,"column":55}},"4":{"start":{"line":19,"column":2},"end":{"line":19,"column":55}}},"fnMap":{"0":{"name":"(anonymous_0)","decl":{"start":{"line":9,"column":30},"end":{"line":9,"column":31}},"loc":{"start":{"line":10,"column":2},"end":{"line":15,"column":4}},"line":10},"1":{"name":"(anonymous_1)","decl":{"start":{"line":18,"column":30},"end":{"line":18,"column":31}},"loc":{"start":{"line":18,"column":62},"end":{"line":19,"column":55}},"line":18},"2":{"name":"(anonymous_2)","decl":{"start":{"line":18,"column":62},"end":{"line":18,"column":63}},"loc":{"start":{"line":19,"column":2},"end":{"line":19,"column":55}},"line":19}},"branchMap":{},"s":{"0":3,"1":1,"2":3,"3":2,"4":2},"f":{"0":1,"1":2,"2":2},"b":{},"_coverageSchema":"332fd63041d2c1bcb487cc26dd0d5f7d97098a6c","hash":"3fafec5a8380db5ce3a374ce70c04a6816b3e695"}
,"/Users/feng.sun/Documents/cra-rewired-starter/src/containers/LogoSpinSwitch/index.js": {"path":"/Users/feng.sun/Documents/cra-rewired-starter/src/containers/LogoSpinSwitch/index.js","statementMap":{},"fnMap":{},"branchMap":{},"s":{},"f":{},"b":{},"_coverageSchema":"332fd63041d2c1bcb487cc26dd0d5f7d97098a6c","hash":"59697510b3dec556328b8558195b2a8e2c562982"}
,"/Users/feng.sun/Documents/cra-rewired-starter/src/containers/RandomQuote/FetchRandomQuoteButton.js": {"path":"/Users/feng.sun/Documents/cra-rewired-starter/src/containers/RandomQuote/FetchRandomQuoteButton.js","statementMap":{"0":{"start":{"line":12,"column":38},"end":{"line":16,"column":1}},"1":{"start":{"line":13,"column":2},"end":{"line":15,"column":11}}},"fnMap":{"0":{"name":"(anonymous_0)","decl":{"start":{"line":12,"column":38},"end":{"line":12,"column":39}},"loc":{"start":{"line":13,"column":2},"end":{"line":15,"column":11}},"line":13}},"branchMap":{},"s":{"0":4,"1":2},"f":{"0":2},"b":{},"_coverageSchema":"332fd63041d2c1bcb487cc26dd0d5f7d97098a6c","hash":"e76bd6e957c0d1d56d2da2f291f2ecc0f0678b5a"}
,"/Users/feng.sun/Documents/cra-rewired-starter/src/containers/RandomQuote/RandomQuote.js": {"path":"/Users/feng.sun/Documents/cra-rewired-starter/src/containers/RandomQuote/RandomQuote.js","statementMap":{"0":{"start":{"line":17,"column":27},"end":{"line":17,"column":69}},"1":{"start":{"line":17,"column":53},"end":{"line":17,"column":69}},"2":{"start":{"line":19,"column":26},"end":{"line":24,"column":1}},"3":{"start":{"line":20,"column":2},"end":{"line":23,"column":8}},"4":{"start":{"line":26,"column":20},"end":{"line":31,"column":1}},"5":{"start":{"line":27,"column":2},"end":{"line":30,"column":8}},"6":{"start":{"line":34,"column":2},"end":{"line":36,"column":3}},"7":{"start":{"line":35,"column":4},"end":{"line":35,"column":34}},"8":{"start":{"line":40,"column":19},"end":{"line":40,"column":36}},"9":{"start":{"line":41,"column":25},"end":{"line":41,"column":31}},"10":{"start":{"line":42,"column":26},"end":{"line":42,"column":33}},"11":{"start":{"line":44,"column":27},"end":{"line":44,"column":39}}},"fnMap":{"0":{"name":"(anonymous_0)","decl":{"start":{"line":17,"column":27},"end":{"line":17,"column":28}},"loc":{"start":{"line":17,"column":53},"end":{"line":17,"column":69}},"line":17},"1":{"name":"(anonymous_1)","decl":{"start":{"line":19,"column":26},"end":{"line":19,"column":27}},"loc":{"start":{"line":20,"column":2},"end":{"line":23,"column":8}},"line":20},"2":{"name":"(anonymous_2)","decl":{"start":{"line":26,"column":20},"end":{"line":26,"column":21}},"loc":{"start":{"line":27,"column":2},"end":{"line":30,"column":8}},"line":27},"3":{"name":"componentDidMount","decl":{"start":{"line":33,"column":16},"end":{"line":33,"column":33}},"loc":{"start":{"line":33,"column":36},"end":{"line":37,"column":1}},"line":33},"4":{"name":"(anonymous_4)","decl":{"start":{"line":40,"column":10},"end":{"line":40,"column":11}},"loc":{"start":{"line":40,"column":19},"end":{"line":40,"column":36}},"line":40},"5":{"name":"(anonymous_5)","decl":{"start":{"line":41,"column":9},"end":{"line":41,"column":10}},"loc":{"start":{"line":41,"column":25},"end":{"line":41,"column":31}},"line":41},"6":{"name":"(anonymous_6)","decl":{"start":{"line":42,"column":9},"end":{"line":42,"column":10}},"loc":{"start":{"line":42,"column":26},"end":{"line":42,"column":33}},"line":42},"7":{"name":"(anonymous_7)","decl":{"start":{"line":44,"column":11},"end":{"line":44,"column":12}},"loc":{"start":{"line":44,"column":27},"end":{"line":44,"column":39}},"line":44}},"branchMap":{"0":{"loc":{"start":{"line":34,"column":2},"end":{"line":36,"column":3}},"type":"if","locations":[{"start":{"line":34,"column":2},"end":{"line":36,"column":3}},{"start":{"line":34,"column":2},"end":{"line":36,"column":3}}],"line":34}},"s":{"0":3,"1":1,"2":3,"3":1,"4":3,"5":1,"6":3,"7":1,"8":3,"9":3,"10":2,"11":1},"f":{"0":1,"1":1,"2":1,"3":3,"4":3,"5":3,"6":2,"7":1},"b":{"0":[1,2]},"_coverageSchema":"332fd63041d2c1bcb487cc26dd0d5f7d97098a6c","hash":"188b21f894eedc18e1ddaf2c9de4380e38ee8ae6"}
,"/Users/feng.sun/Documents/cra-rewired-starter/src/containers/RandomQuote/index.js": {"path":"/Users/feng.sun/Documents/cra-rewired-starter/src/containers/RandomQuote/index.js","statementMap":{},"fnMap":{},"branchMap":{},"s":{},"f":{},"b":{},"_coverageSchema":"332fd63041d2c1bcb487cc26dd0d5f7d97098a6c","hash":"cb562b3bb21c0b29cbf2915bd0baef9289990ab1"}
,"/Users/feng.sun/Documents/cra-rewired-starter/src/modules/createAsyncComponent.js": {"path":"/Users/feng.sun/Documents/cra-rewired-starter/src/modules/createAsyncComponent.js","statementMap":{"0":{"start":{"line":5,"column":2},"end":{"line":8,"column":4}}},"fnMap":{"0":{"name":"(anonymous_0)","decl":{"start":{"line":4,"column":15},"end":{"line":4,"column":16}},"loc":{"start":{"line":5,"column":2},"end":{"line":8,"column":4}},"line":5}},"branchMap":{},"s":{"0":4},"f":{"0":4},"b":{},"_coverageSchema":"332fd63041d2c1bcb487cc26dd0d5f7d97098a6c","hash":"1dc5e0799cdc9e66fec4fcfab5b2e1fc2817e1b5"}
,"/Users/feng.sun/Documents/cra-rewired-starter/src/modules/ExternalLink/ExternalLink.js": {"path":"/Users/feng.sun/Documents/cra-rewired-starter/src/modules/ExternalLink/ExternalLink.js","statementMap":{"0":{"start":{"line":3,"column":21},"end":{"line":7,"column":1}},"1":{"start":{"line":4,"column":2},"end":{"line":6,"column":6}}},"fnMap":{"0":{"name":"(anonymous_0)","decl":{"start":{"line":3,"column":21},"end":{"line":3,"column":22}},"loc":{"start":{"line":4,"column":2},"end":{"line":6,"column":6}},"line":4}},"branchMap":{},"s":{"0":6,"1":2},"f":{"0":2},"b":{},"_coverageSchema":"332fd63041d2c1bcb487cc26dd0d5f7d97098a6c","hash":"d4e510d62bf1985962f7242653bf51122cf0e657"}
,"/Users/feng.sun/Documents/cra-rewired-starter/src/modules/ExternalLink/index.js": {"path":"/Users/feng.sun/Documents/cra-rewired-starter/src/modules/ExternalLink/index.js","statementMap":{},"fnMap":{},"branchMap":{},"s":{},"f":{},"b":{},"_coverageSchema":"332fd63041d2c1bcb487cc26dd0d5f7d97098a6c","hash":"6833a5386fa085d5e9fb06879bbf8df4236dee51"}
,"/Users/feng.sun/Documents/cra-rewired-starter/src/modules/Loading/Loading.js": {"path":"/Users/feng.sun/Documents/cra-rewired-starter/src/modules/Loading/Loading.js","statementMap":{"0":{"start":{"line":6,"column":16},"end":{"line":19,"column":1}},"1":{"start":{"line":12,"column":2},"end":{"line":18,"column":4}}},"fnMap":{"0":{"name":"(anonymous_0)","decl":{"start":{"line":6,"column":16},"end":{"line":6,"column":17}},"loc":{"start":{"line":12,"column":2},"end":{"line":18,"column":4}},"line":12}},"branchMap":{"0":{"loc":{"start":{"line":7,"column":2},"end":{"line":7,"column":17}},"type":"default-arg","locations":[{"start":{"line":7,"column":9},"end":{"line":7,"column":17}}],"line":7},"1":{"loc":{"start":{"line":8,"column":2},"end":{"line":8,"column":19}},"type":"default-arg","locations":[{"start":{"line":8,"column":10},"end":{"line":8,"column":19}}],"line":8},"2":{"loc":{"start":{"line":9,"column":2},"end":{"line":9,"column":12}},"type":"default-arg","locations":[{"start":{"line":9,"column":10},"end":{"line":9,"column":12}}],"line":9},"3":{"loc":{"start":{"line":10,"column":2},"end":{"line":10,"column":13}},"type":"default-arg","locations":[{"start":{"line":10,"column":11},"end":{"line":10,"column":13}}],"line":10}},"s":{"0":6,"1":3},"f":{"0":3},"b":{"0":[3],"1":[3],"2":[3],"3":[3]},"_coverageSchema":"332fd63041d2c1bcb487cc26dd0d5f7d97098a6c","hash":"ddfb09374a948f11a4b799c68c98795deea0b59f"}
,"/Users/feng.sun/Documents/cra-rewired-starter/src/modules/Loading/index.js": {"path":"/Users/feng.sun/Documents/cra-rewired-starter/src/modules/Loading/index.js","statementMap":{},"fnMap":{},"branchMap":{},"s":{},"f":{},"b":{},"_coverageSchema":"332fd63041d2c1bcb487cc26dd0d5f7d97098a6c","hash":"2c33e7a2c9bfa9b9309247b67818641860afadc9"}
,"/Users/feng.sun/Documents/cra-rewired-starter/src/routes/App.js": {"path":"/Users/feng.sun/Documents/cra-rewired-starter/src/routes/App.js","statementMap":{"0":{"start":{"line":13,"column":4},"end":{"line":22,"column":6}}},"fnMap":{"0":{"name":"(anonymous_0)","decl":{"start":{"line":12,"column":2},"end":{"line":12,"column":3}},"loc":{"start":{"line":12,"column":11},"end":{"line":23,"column":3}},"line":12}},"branchMap":{},"s":{"0":3},"f":{"0":3},"b":{},"_coverageSchema":"332fd63041d2c1bcb487cc26dd0d5f7d97098a6c","hash":"dc52939a8ff7fa59a0fad18d9775bd2a96e743bb"}
,"/Users/feng.sun/Documents/cra-rewired-starter/src/routes/index.js": {"path":"/Users/feng.sun/Documents/cra-rewired-starter/src/routes/index.js","statementMap":{},"fnMap":{},"branchMap":{},"s":{},"f":{},"b":{},"_coverageSchema":"332fd63041d2c1bcb487cc26dd0d5f7d97098a6c","hash":"01a88e1931e218d885990eab0c290d3c82406b38"}
,"/Users/feng.sun/Documents/cra-rewired-starter/src/routes/HomePage/HomePage.js": {"path":"/Users/feng.sun/Documents/cra-rewired-starter/src/routes/HomePage/HomePage.js","statementMap":{"0":{"start":{"line":12,"column":14},"end":{"line":18,"column":1}},"1":{"start":{"line":20,"column":32},"end":{"line":52,"column":1}},"2":{"start":{"line":29,"column":2},"end":{"line":51,"column":8}},"3":{"start":{"line":54,"column":32},"end":{"line":55,"column":31}},"4":{"start":{"line":54,"column":66},"end":{"line":55,"column":31}},"5":{"start":{"line":55,"column":2},"end":{"line":55,"column":31}},"6":{"start":{"line":56,"column":35},"end":{"line":57,"column":34}},"7":{"start":{"line":56,"column":72},"end":{"line":57,"column":34}},"8":{"start":{"line":57,"column":2},"end":{"line":57,"column":34}},"9":{"start":{"line":59,"column":20},"end":{"line":68,"column":2}},"10":{"start":{"line":59,"column":46},"end":{"line":68,"column":1}}},"fnMap":{"0":{"name":"(anonymous_0)","decl":{"start":{"line":20,"column":32},"end":{"line":20,"column":33}},"loc":{"start":{"line":29,"column":2},"end":{"line":51,"column":8}},"line":29},"1":{"name":"(anonymous_1)","decl":{"start":{"line":54,"column":32},"end":{"line":54,"column":33}},"loc":{"start":{"line":54,"column":66},"end":{"line":55,"column":31}},"line":54},"2":{"name":"(anonymous_2)","decl":{"start":{"line":54,"column":66},"end":{"line":54,"column":67}},"loc":{"start":{"line":55,"column":2},"end":{"line":55,"column":31}},"line":55},"3":{"name":"(anonymous_3)","decl":{"start":{"line":56,"column":35},"end":{"line":56,"column":36}},"loc":{"start":{"line":56,"column":72},"end":{"line":57,"column":34}},"line":56},"4":{"name":"(anonymous_4)","decl":{"start":{"line":56,"column":72},"end":{"line":56,"column":73}},"loc":{"start":{"line":57,"column":2},"end":{"line":57,"column":34}},"line":57},"5":{"name":"(anonymous_5)","decl":{"start":{"line":59,"column":20},"end":{"line":59,"column":21}},"loc":{"start":{"line":59,"column":46},"end":{"line":68,"column":1}},"line":59}},"branchMap":{"0":{"loc":{"start":{"line":60,"column":26},"end":{"line":62,"column":15}},"type":"cond-expr","locations":[{"start":{"line":61,"column":6},"end":{"line":61,"column":15}},{"start":{"line":62,"column":6},"end":{"line":62,"column":15}}],"line":60},"1":{"loc":{"start":{"line":63,"column":29},"end":{"line":65,"column":15}},"type":"cond-expr","locations":[{"start":{"line":64,"column":6},"end":{"line":64,"column":15}},{"start":{"line":65,"column":6},"end":{"line":65,"column":15}}],"line":63}},"s":{"0":2,"1":2,"2":4,"3":2,"4":1,"5":1,"6":2,"7":1,"8":1,"9":2,"10":4},"f":{"0":4,"1":1,"2":1,"3":1,"4":1,"5":4},"b":{"0":[1,3],"1":[1,3]},"_coverageSchema":"332fd63041d2c1bcb487cc26dd0d5f7d97098a6c","hash":"34cb6043eee6d35c614f235831893a1304b417b1"}
,"/Users/feng.sun/Documents/cra-rewired-starter/src/routes/HomePage/index.js": {"path":"/Users/feng.sun/Documents/cra-rewired-starter/src/routes/HomePage/index.js","statementMap":{"0":{"start":{"line":4,"column":2},"end":{"line":4,"column":64}}},"fnMap":{"0":{"name":"(anonymous_0)","decl":{"start":{"line":3,"column":36},"end":{"line":3,"column":37}},"loc":{"start":{"line":4,"column":2},"end":{"line":4,"column":64}},"line":4}},"branchMap":{},"s":{"0":1},"f":{"0":1},"b":{},"_coverageSchema":"332fd63041d2c1bcb487cc26dd0d5f7d97098a6c","hash":"7ceaebf6a1d9ccd22736da0f430bd39179ebc84f"}
,"/Users/feng.sun/Documents/cra-rewired-starter/src/routes/NotFoundPage/NotFoundPage.js": {"path":"/Users/feng.sun/Documents/cra-rewired-starter/src/routes/NotFoundPage/NotFoundPage.js","statementMap":{"0":{"start":{"line":4,"column":21},"end":{"line":8,"column":1}},"1":{"start":{"line":5,"column":2},"end":{"line":7,"column":7}}},"fnMap":{"0":{"name":"(anonymous_0)","decl":{"start":{"line":4,"column":21},"end":{"line":4,"column":22}},"loc":{"start":{"line":5,"column":2},"end":{"line":7,"column":7}},"line":5}},"branchMap":{},"s":{"0":2,"1":2},"f":{"0":2},"b":{},"_coverageSchema":"332fd63041d2c1bcb487cc26dd0d5f7d97098a6c","hash":"cd121edfb1f8d195ef1ccb91063a7a42f214fdc0"}
,"/Users/feng.sun/Documents/cra-rewired-starter/src/routes/NotFoundPage/index.js": {"path":"/Users/feng.sun/Documents/cra-rewired-starter/src/routes/NotFoundPage/index.js","statementMap":{"0":{"start":{"line":4,"column":2},"end":{"line":4,"column":72}}},"fnMap":{"0":{"name":"(anonymous_0)","decl":{"start":{"line":3,"column":36},"end":{"line":3,"column":37}},"loc":{"start":{"line":4,"column":2},"end":{"line":4,"column":72}},"line":4}},"branchMap":{},"s":{"0":1},"f":{"0":1},"b":{},"_coverageSchema":"332fd63041d2c1bcb487cc26dd0d5f7d97098a6c","hash":"3ba3c10309645d155ae5275a56500fada765357b"}
,"/Users/feng.sun/Documents/cra-rewired-starter/src/store/connect.js": {"path":"/Users/feng.sun/Documents/cra-rewired-starter/src/store/connect.js","statementMap":{"0":{"start":{"line":7,"column":52},"end":{"line":14,"column":4}},"1":{"start":{"line":7,"column":67},"end":{"line":14,"column":4}},"2":{"start":{"line":8,"column":2},"end":{"line":14,"column":4}},"3":{"start":{"line":9,"column":4},"end":{"line":11,"column":5}},"4":{"start":{"line":10,"column":6},"end":{"line":10,"column":29}},"5":{"start":{"line":13,"column":4},"end":{"line":13,"column":80}},"6":{"start":{"line":16,"column":43},"end":{"line":22,"column":1}},"7":{"start":{"line":17,"column":2},"end":{"line":17,"column":56}},"8":{"start":{"line":17,"column":39},"end":{"line":17,"column":56}},"9":{"start":{"line":19,"column":26},"end":{"line":19,"column":75}},"10":{"start":{"line":21,"column":2},"end":{"line":21,"column":64}},"11":{"start":{"line":24,"column":33},"end":{"line":27,"column":1}}},"fnMap":{"0":{"name":"(anonymous_0)","decl":{"start":{"line":7,"column":52},"end":{"line":7,"column":53}},"loc":{"start":{"line":7,"column":67},"end":{"line":14,"column":4}},"line":7},"1":{"name":"(anonymous_1)","decl":{"start":{"line":7,"column":67},"end":{"line":7,"column":68}},"loc":{"start":{"line":8,"column":2},"end":{"line":14,"column":4}},"line":8},"2":{"name":"(anonymous_2)","decl":{"start":{"line":8,"column":27},"end":{"line":8,"column":28}},"loc":{"start":{"line":8,"column":39},"end":{"line":14,"column":3}},"line":8},"3":{"name":"(anonymous_3)","decl":{"start":{"line":16,"column":43},"end":{"line":16,"column":44}},"loc":{"start":{"line":16,"column":58},"end":{"line":22,"column":1}},"line":16}},"branchMap":{"0":{"loc":{"start":{"line":9,"column":4},"end":{"line":11,"column":5}},"type":"if","locations":[{"start":{"line":9,"column":4},"end":{"line":11,"column":5}},{"start":{"line":9,"column":4},"end":{"line":11,"column":5}}],"line":9},"1":{"loc":{"start":{"line":17,"column":2},"end":{"line":17,"column":56}},"type":"if","locations":[{"start":{"line":17,"column":2},"end":{"line":17,"column":56}},{"start":{"line":17,"column":2},"end":{"line":17,"column":56}}],"line":17}},"s":{"0":8,"1":12,"2":4,"3":5,"4":3,"5":2,"6":8,"7":11,"8":1,"9":10,"10":10,"11":8},"f":{"0":12,"1":4,"2":5,"3":11},"b":{"0":[3,2],"1":[1,10]},"_coverageSchema":"332fd63041d2c1bcb487cc26dd0d5f7d97098a6c","hash":"9ead2c820d711fc994b909a65b0fbb94786ab872"}
,"/Users/feng.sun/Documents/cra-rewired-starter/src/store/index.js": {"path":"/Users/feng.sun/Documents/cra-rewired-starter/src/store/index.js","statementMap":{"0":{"start":{"line":8,"column":30},"end":{"line":21,"column":1}},"1":{"start":{"line":8,"column":69},"end":{"line":8,"column":74}},"2":{"start":{"line":9,"column":20},"end":{"line":9,"column":22}},"3":{"start":{"line":10,"column":21},"end":{"line":10,"column":57}},"4":{"start":{"line":13,"column":4},"end":{"line":13,"column":74}},"5":{"start":{"line":15,"column":28},"end":{"line":18,"column":3}},"6":{"start":{"line":20,"column":2},"end":{"line":20,"column":63}}},"fnMap":{"0":{"name":"(anonymous_0)","decl":{"start":{"line":8,"column":30},"end":{"line":8,"column":31}},"loc":{"start":{"line":8,"column":79},"end":{"line":21,"column":1}},"line":8},"1":{"name":"(anonymous_1)","decl":{"start":{"line":8,"column":60},"end":{"line":8,"column":61}},"loc":{"start":{"line":8,"column":69},"end":{"line":8,"column":74}},"line":8}},"branchMap":{"0":{"loc":{"start":{"line":8,"column":31},"end":{"line":8,"column":48}},"type":"default-arg","locations":[{"start":{"line":8,"column":46},"end":{"line":8,"column":48}}],"line":8},"1":{"loc":{"start":{"line":8,"column":50},"end":{"line":8,"column":74}},"type":"default-arg","locations":[{"start":{"line":8,"column":60},"end":{"line":8,"column":74}}],"line":8},"2":{"loc":{"start":{"line":13,"column":4},"end":{"line":13,"column":74}},"type":"cond-expr","locations":[{"start":{"line":13,"column":45},"end":{"line":13,"column":64}},{"start":{"line":13,"column":67},"end":{"line":13,"column":74}}],"line":13}},"s":{"0":4,"1":9,"2":12,"3":12,"4":12,"5":12,"6":12},"f":{"0":12,"1":9},"b":{"0":[3],"1":[8],"2":[1,11]},"_coverageSchema":"332fd63041d2c1bcb487cc26dd0d5f7d97098a6c","hash":"1199f56d05bf4f8b77330fa84fbef24b51942a6a"}
,"/Users/feng.sun/Documents/cra-rewired-starter/src/store/reducers.js": {"path":"/Users/feng.sun/Documents/cra-rewired-starter/src/store/reducers.js","statementMap":{},"fnMap":{},"branchMap":{},"s":{},"f":{},"b":{},"_coverageSchema":"332fd63041d2c1bcb487cc26dd0d5f7d97098a6c","hash":"3b5d75d4186e3d8fdfd1c3490587bee6318ad70b"}
,"/Users/feng.sun/Documents/cra-rewired-starter/src/store/modules/randomQuote.js": {"path":"/Users/feng.sun/Documents/cra-rewired-starter/src/store/modules/randomQuote.js","statementMap":{"0":{"start":{"line":17,"column":34},"end":{"line":17,"column":53}},"1":{"start":{"line":18,"column":36},"end":{"line":18,"column":57}},"2":{"start":{"line":19,"column":33},"end":{"line":19,"column":51}},"3":{"start":{"line":24,"column":32},"end":{"line":24,"column":68}},"4":{"start":{"line":24,"column":39},"end":{"line":24,"column":67}},"5":{"start":{"line":25,"column":34},"end":{"line":28,"column":2}},"6":{"start":{"line":25,"column":59},"end":{"line":28,"column":1}},"7":{"start":{"line":29,"column":31},"end":{"line":29,"column":76}},"8":{"start":{"line":29,"column":41},"end":{"line":29,"column":75}},"9":{"start":{"line":34,"column":32},"end":{"line":51,"column":1}},"10":{"start":{"line":34,"column":38},"end":{"line":51,"column":1}},"11":{"start":{"line":35,"column":2},"end":{"line":35,"column":45}},"12":{"start":{"line":35,"column":38},"end":{"line":35,"column":45}},"13":{"start":{"line":36,"column":2},"end":{"line":36,"column":31}},"14":{"start":{"line":37,"column":2},"end":{"line":50,"column":3}},"15":{"start":{"line":38,"column":32},"end":{"line":38,"column":62}},"16":{"start":{"line":39,"column":30},"end":{"line":39,"column":47}},"17":{"start":{"line":42,"column":4},"end":{"line":47,"column":6}},"18":{"start":{"line":43,"column":6},"end":{"line":46,"column":14}},"19":{"start":{"line":44,"column":8},"end":{"line":44,"column":56}},"20":{"start":{"line":45,"column":8},"end":{"line":45,"column":35}},"21":{"start":{"line":49,"column":4},"end":{"line":49,"column":37}},"22":{"start":{"line":56,"column":36},"end":{"line":56,"column":76}},"23":{"start":{"line":56,"column":57},"end":{"line":56,"column":76}},"24":{"start":{"line":61,"column":28},"end":{"line":66,"column":1}},"25":{"start":{"line":69,"column":31},"end":{"line":72,"column":3}},"26":{"start":{"line":73,"column":49},"end":{"line":77,"column":3}},"27":{"start":{"line":78,"column":46},"end":{"line":83,"column":3}}},"fnMap":{"0":{"name":"(anonymous_0)","decl":{"start":{"line":24,"column":32},"end":{"line":24,"column":33}},"loc":{"start":{"line":24,"column":39},"end":{"line":24,"column":67}},"line":24},"1":{"name":"(anonymous_1)","decl":{"start":{"line":25,"column":34},"end":{"line":25,"column":35}},"loc":{"start":{"line":25,"column":59},"end":{"line":28,"column":1}},"line":25},"2":{"name":"(anonymous_2)","decl":{"start":{"line":29,"column":31},"end":{"line":29,"column":32}},"loc":{"start":{"line":29,"column":41},"end":{"line":29,"column":75}},"line":29},"3":{"name":"(anonymous_3)","decl":{"start":{"line":34,"column":32},"end":{"line":34,"column":33}},"loc":{"start":{"line":34,"column":38},"end":{"line":51,"column":1}},"line":34},"4":{"name":"(anonymous_4)","decl":{"start":{"line":34,"column":38},"end":{"line":34,"column":39}},"loc":{"start":{"line":34,"column":79},"end":{"line":51,"column":1}},"line":34},"5":{"name":"(anonymous_5)","decl":{"start":{"line":42,"column":23},"end":{"line":42,"column":24}},"loc":{"start":{"line":43,"column":6},"end":{"line":46,"column":14}},"line":43},"6":{"name":"(anonymous_6)","decl":{"start":{"line":43,"column":17},"end":{"line":43,"column":18}},"loc":{"start":{"line":43,"column":23},"end":{"line":46,"column":7}},"line":43},"7":{"name":"(anonymous_7)","decl":{"start":{"line":56,"column":36},"end":{"line":56,"column":37}},"loc":{"start":{"line":56,"column":57},"end":{"line":56,"column":76}},"line":56},"8":{"name":"(anonymous_8)","decl":{"start":{"line":69,"column":24},"end":{"line":69,"column":25}},"loc":{"start":{"line":69,"column":31},"end":{"line":72,"column":3}},"line":69},"9":{"name":"(anonymous_9)","decl":{"start":{"line":73,"column":26},"end":{"line":73,"column":27}},"loc":{"start":{"line":73,"column":49},"end":{"line":77,"column":3}},"line":73},"10":{"name":"(anonymous_10)","decl":{"start":{"line":78,"column":23},"end":{"line":78,"column":24}},"loc":{"start":{"line":78,"column":46},"end":{"line":83,"column":3}},"line":78}},"branchMap":{"0":{"loc":{"start":{"line":35,"column":2},"end":{"line":35,"column":45}},"type":"if","locations":[{"start":{"line":35,"column":2},"end":{"line":35,"column":45}},{"start":{"line":35,"column":2},"end":{"line":35,"column":45}}],"line":35}},"s":{"0":8,"1":8,"2":8,"3":8,"4":5,"5":8,"6":3,"7":8,"8":3,"9":8,"10":3,"11":3,"12":1,"13":2,"14":2,"15":2,"16":1,"17":1,"18":1,"19":1,"20":1,"21":1,"22":8,"23":2,"24":8,"25":1,"26":1,"27":1},"f":{"0":5,"1":3,"2":3,"3":3,"4":3,"5":1,"6":1,"7":2,"8":1,"9":1,"10":1},"b":{"0":[1,2]},"_coverageSchema":"332fd63041d2c1bcb487cc26dd0d5f7d97098a6c","hash":"1e38cf24fab0f3eefc8076bdce1ea9b908428aed"}
,"/Users/feng.sun/Documents/cra-rewired-starter/src/store/modules/runtime.js": {"path":"/Users/feng.sun/Documents/cra-rewired-starter/src/store/modules/runtime.js","statementMap":{"0":{"start":{"line":7,"column":36},"end":{"line":7,"column":58}},"1":{"start":{"line":22,"column":46},"end":{"line":25,"column":2}},"2":{"start":{"line":22,"column":56},"end":{"line":25,"column":1}},"3":{"start":{"line":30,"column":21},"end":{"line":32,"column":1}},"4":{"start":{"line":35,"column":46},"end":{"line":35,"column":75}}},"fnMap":{"0":{"name":"(anonymous_0)","decl":{"start":{"line":22,"column":46},"end":{"line":22,"column":47}},"loc":{"start":{"line":22,"column":56},"end":{"line":25,"column":1}},"line":22},"1":{"name":"(anonymous_1)","decl":{"start":{"line":35,"column":26},"end":{"line":35,"column":27}},"loc":{"start":{"line":35,"column":46},"end":{"line":35,"column":75}},"line":35}},"branchMap":{},"s":{"0":8,"1":8,"2":3,"3":8,"4":1},"f":{"0":3,"1":1},"b":{},"_coverageSchema":"332fd63041d2c1bcb487cc26dd0d5f7d97098a6c","hash":"20e242dbe4bf97a79e869c8329bbe8368b53d96d"}
,"/Users/feng.sun/Documents/cra-rewired-starter/src/store/selectors/logoSpinning.js": {"path":"/Users/feng.sun/Documents/cra-rewired-starter/src/store/selectors/logoSpinning.js","statementMap":{"0":{"start":{"line":3,"column":21},"end":{"line":3,"column":78}},"1":{"start":{"line":3,"column":47},"end":{"line":3,"column":78}}},"fnMap":{"0":{"name":"(anonymous_0)","decl":{"start":{"line":3,"column":21},"end":{"line":3,"column":22}},"loc":{"start":{"line":3,"column":47},"end":{"line":3,"column":78}},"line":3}},"branchMap":{"0":{"loc":{"start":{"line":3,"column":47},"end":{"line":3,"column":78}},"type":"binary-expr","locations":[{"start":{"line":3,"column":47},"end":{"line":3,"column":54}},{"start":{"line":3,"column":58},"end":{"line":3,"column":78}}],"line":3}},"s":{"0":6,"1":1},"f":{"0":1},"b":{"0":[1,1]},"_coverageSchema":"332fd63041d2c1bcb487cc26dd0d5f7d97098a6c","hash":"309e54b59fa4f180b3244fdbb563673b37b9e749"}
,"/Users/feng.sun/Documents/cra-rewired-starter/src/utils/delayPromise.js": {"path":"/Users/feng.sun/Documents/cra-rewired-starter/src/utils/delayPromise.js","statementMap":{"0":{"start":{"line":2,"column":2},"end":{"line":2,"column":67}},"1":{"start":{"line":2,"column":25},"end":{"line":2,"column":66}},"2":{"start":{"line":2,"column":42},"end":{"line":2,"column":58}}},"fnMap":{"0":{"name":"(anonymous_0)","decl":{"start":{"line":1,"column":15},"end":{"line":1,"column":16}},"loc":{"start":{"line":2,"column":2},"end":{"line":2,"column":67}},"line":2},"1":{"name":"(anonymous_1)","decl":{"start":{"line":2,"column":14},"end":{"line":2,"column":15}},"loc":{"start":{"line":2,"column":25},"end":{"line":2,"column":66}},"line":2},"2":{"name":"(anonymous_2)","decl":{"start":{"line":2,"column":36},"end":{"line":2,"column":37}},"loc":{"start":{"line":2,"column":42},"end":{"line":2,"column":58}},"line":2}},"branchMap":{},"s":{"0":3,"1":3,"2":3},"f":{"0":3,"1":3,"2":3},"b":{},"_coverageSchema":"332fd63041d2c1bcb487cc26dd0d5f7d97098a6c","hash":"851cd85befc11f67d28c95a99e1b7fc4f67ad935"}
}
