{"/home/travis/build/Stupidism/cra-rewired-starter/src/apis/fetch.js": {"path":"/home/travis/build/Stupidism/cra-rewired-starter/src/apis/fetch.js","statementMap":{"0":{"start":{"line":3,"column":16},"end":{"line":3,"column":45}},"1":{"start":{"line":5,"column":36},"end":{"line":5,"column":61}},"2":{"start":{"line":5,"column":47},"end":{"line":5,"column":61}},"3":{"start":{"line":7,"column":27},"end":{"line":17,"column":1}},"4":{"start":{"line":7,"column":45},"end":{"line":17,"column":1}},"5":{"start":{"line":8,"column":2},"end":{"line":9,"column":60}},"6":{"start":{"line":9,"column":4},"end":{"line":9,"column":60}},"7":{"start":{"line":11,"column":51},"end":{"line":11,"column":58}},"8":{"start":{"line":14,"column":4},"end":{"line":14,"column":70}},"9":{"start":{"line":16,"column":2},"end":{"line":16,"column":74}},"10":{"start":{"line":19,"column":30},"end":{"line":21,"column":32}}},"fnMap":{"0":{"name":"(anonymous_0)","decl":{"start":{"line":5,"column":36},"end":{"line":5,"column":37}},"loc":{"start":{"line":5,"column":47},"end":{"line":5,"column":61}},"line":5},"1":{"name":"(anonymous_1)","decl":{"start":{"line":7,"column":27},"end":{"line":7,"column":28}},"loc":{"start":{"line":7,"column":45},"end":{"line":17,"column":1}},"line":7},"2":{"name":"(anonymous_2)","decl":{"start":{"line":7,"column":45},"end":{"line":7,"column":46}},"loc":{"start":{"line":7,"column":56},"end":{"line":17,"column":1}},"line":7}},"branchMap":{"0":{"loc":{"start":{"line":8,"column":2},"end":{"line":9,"column":60}},"type":"if","locations":[{"start":{"line":8,"column":2},"end":{"line":9,"column":60}},{"start":{"line":8,"column":2},"end":{"line":9,"column":60}}],"line":8},"1":{"loc":{"start":{"line":11,"column":15},"end":{"line":11,"column":29}},"type":"default-arg","locations":[{"start":{"line":11,"column":24},"end":{"line":11,"column":29}}],"line":11},"2":{"loc":{"start":{"line":14,"column":4},"end":{"line":14,"column":70}},"type":"binary-expr","locations":[{"start":{"line":14,"column":4},"end":{"line":14,"column":9}},{"start":{"line":14,"column":14},"end":{"line":14,"column":40}},{"start":{"line":14,"column":44},"end":{"line":14,"column":69}}],"line":14}},"s":{"0":9,"1":9,"2":1,"3":9,"4":12,"5":3,"6":1,"7":2,"8":2,"9":2,"10":9},"f":{"0":1,"1":12,"2":3},"b":{"0":[1,2],"1":[1],"2":[2,2,2]},"_coverageSchema":"332fd63041d2c1bcb487cc26dd0d5f7d97098a6c","hash":"1c122ff349c264924de14529fa074a161ef2da27"}
,"/home/travis/build/Stupidism/cra-rewired-starter/src/apis/index.js": {"path":"/home/travis/build/Stupidism/cra-rewired-starter/src/apis/index.js","statementMap":{},"fnMap":{},"branchMap":{},"s":{},"f":{},"b":{},"_coverageSchema":"332fd63041d2c1bcb487cc26dd0d5f7d97098a6c","hash":"c564b86db6a185014dd6fc8fd073dfb55238e748"}
,"/home/travis/build/Stupidism/cra-rewired-starter/src/apis/mashape/random-quotes/list.js": {"path":"/home/travis/build/Stupidism/cra-rewired-starter/src/apis/mashape/random-quotes/list.js","statementMap":{"0":{"start":{"line":1,"column":22},"end":{"line":6,"column":1}}},"fnMap":{"0":{"name":"(anonymous_0)","decl":{"start":{"line":1,"column":15},"end":{"line":1,"column":16}},"loc":{"start":{"line":1,"column":22},"end":{"line":6,"column":1}},"line":1}},"branchMap":{},"s":{"0":4},"f":{"0":4},"b":{},"_coverageSchema":"332fd63041d2c1bcb487cc26dd0d5f7d97098a6c","hash":"df23d3f6444e4186153ff22dd7bbec48c8824e4a"}
,"/home/travis/build/Stupidism/cra-rewired-starter/src/components/Dependencies/Dependencies.js": {"path":"/home/travis/build/Stupidism/cra-rewired-starter/src/components/Dependencies/Dependencies.js","statementMap":{"0":{"start":{"line":12,"column":14},"end":{"line":49,"column":1}},"1":{"start":{"line":52,"column":2},"end":{"line":56,"column":8}},"2":{"start":{"line":59,"column":21},"end":{"line":94,"column":1}},"3":{"start":{"line":60,"column":2},"end":{"line":93,"column":8}}},"fnMap":{"0":{"name":"(anonymous_0)","decl":{"start":{"line":59,"column":21},"end":{"line":59,"column":22}},"loc":{"start":{"line":60,"column":2},"end":{"line":93,"column":8}},"line":60}},"branchMap":{},"s":{"0":2,"1":2,"2":2,"3":1},"f":{"0":1},"b":{},"_coverageSchema":"332fd63041d2c1bcb487cc26dd0d5f7d97098a6c","hash":"7eda910b8855fdc88b68d72f9ac938af818ffb29"}
,"/home/travis/build/Stupidism/cra-rewired-starter/src/components/Dependencies/index.js": {"path":"/home/travis/build/Stupidism/cra-rewired-starter/src/components/Dependencies/index.js","statementMap":{"0":{"start":{"line":8,"column":4},"end":{"line":11,"column":5}}},"fnMap":{"0":{"name":"(anonymous_0)","decl":{"start":{"line":7,"column":10},"end":{"line":7,"column":11}},"loc":{"start":{"line":8,"column":4},"end":{"line":11,"column":5}},"line":8}},"branchMap":{},"s":{"0":1},"f":{"0":1},"b":{},"_coverageSchema":"332fd63041d2c1bcb487cc26dd0d5f7d97098a6c","hash":"05a83d58f1a6d8c5214b9235157c896a75b80872"}
,"/home/travis/build/Stupidism/cra-rewired-starter/src/components/DevDependencies/DevDependencies.js": {"path":"/home/travis/build/Stupidism/cra-rewired-starter/src/components/DevDependencies/DevDependencies.js","statementMap":{"0":{"start":{"line":4,"column":14},"end":{"line":92,"column":1}},"1":{"start":{"line":94,"column":21},"end":{"line":151,"column":1}},"2":{"start":{"line":95,"column":2},"end":{"line":150,"column":13}}},"fnMap":{"0":{"name":"(anonymous_0)","decl":{"start":{"line":94,"column":21},"end":{"line":94,"column":22}},"loc":{"start":{"line":95,"column":2},"end":{"line":150,"column":13}},"line":95}},"branchMap":{},"s":{"0":2,"1":2,"2":1},"f":{"0":1},"b":{},"_coverageSchema":"332fd63041d2c1bcb487cc26dd0d5f7d97098a6c","hash":"91995a0d40629e3405562f1f43ea464c626a9897"}
,"/home/travis/build/Stupidism/cra-rewired-starter/src/components/DevDependencies/index.js": {"path":"/home/travis/build/Stupidism/cra-rewired-starter/src/components/DevDependencies/index.js","statementMap":{"0":{"start":{"line":8,"column":4},"end":{"line":11,"column":5}}},"fnMap":{"0":{"name":"(anonymous_0)","decl":{"start":{"line":7,"column":10},"end":{"line":7,"column":11}},"loc":{"start":{"line":8,"column":4},"end":{"line":11,"column":5}},"line":8}},"branchMap":{},"s":{"0":1},"f":{"0":1},"b":{},"_coverageSchema":"332fd63041d2c1bcb487cc26dd0d5f7d97098a6c","hash":"f667c3c44c2029b547f593c0b130ce79d67b68ba"}
,"/home/travis/build/Stupidism/cra-rewired-starter/src/components/ReactLoadableDependency/ReactLoadableDependency.js": {"path":"/home/travis/build/Stupidism/cra-rewired-starter/src/components/ReactLoadableDependency/ReactLoadableDependency.js","statementMap":{"0":{"start":{"line":5,"column":14},"end":{"line":11,"column":1}},"1":{"start":{"line":13,"column":32},"end":{"line":22,"column":1}},"2":{"start":{"line":14,"column":2},"end":{"line":21,"column":8}}},"fnMap":{"0":{"name":"(anonymous_0)","decl":{"start":{"line":13,"column":32},"end":{"line":13,"column":33}},"loc":{"start":{"line":14,"column":2},"end":{"line":21,"column":8}},"line":14}},"branchMap":{},"s":{"0":3,"1":3,"2":3},"f":{"0":3},"b":{},"_coverageSchema":"332fd63041d2c1bcb487cc26dd0d5f7d97098a6c","hash":"4f8264b97c9c007a3f40fc2eff752b65c3933f01"}
,"/home/travis/build/Stupidism/cra-rewired-starter/src/components/ReactLoadableDependency/index.js": {"path":"/home/travis/build/Stupidism/cra-rewired-starter/src/components/ReactLoadableDependency/index.js","statementMap":{},"fnMap":{},"branchMap":{},"s":{},"f":{},"b":{},"_coverageSchema":"332fd63041d2c1bcb487cc26dd0d5f7d97098a6c","hash":"a6604dbe4cf35b636e6cf41caa4711b3ccbfe4b9"}
,"/home/travis/build/Stupidism/cra-rewired-starter/src/containers/Header/Header.js": {"path":"/home/travis/build/Stupidism/cra-rewired-starter/src/containers/Header/Header.js","statementMap":{"0":{"start":{"line":11,"column":30},"end":{"line":20,"column":1}},"1":{"start":{"line":12,"column":2},"end":{"line":19,"column":18}}},"fnMap":{"0":{"name":"(anonymous_0)","decl":{"start":{"line":11,"column":30},"end":{"line":11,"column":31}},"loc":{"start":{"line":12,"column":2},"end":{"line":19,"column":18}},"line":12}},"branchMap":{"0":{"loc":{"start":{"line":15,"column":25},"end":{"line":15,"column":61}},"type":"cond-expr","locations":[{"start":{"line":15,"column":40},"end":{"line":15,"column":42}},{"start":{"line":15,"column":45},"end":{"line":15,"column":61}}],"line":15}},"s":{"0":2,"1":3},"f":{"0":3},"b":{"0":[1,2]},"_coverageSchema":"332fd63041d2c1bcb487cc26dd0d5f7d97098a6c","hash":"134f461ee02622734ba4078631525af438f26e88"}
,"/home/travis/build/Stupidism/cra-rewired-starter/src/containers/Header/index.js": {"path":"/home/travis/build/Stupidism/cra-rewired-starter/src/containers/Header/index.js","statementMap":{},"fnMap":{},"branchMap":{},"s":{},"f":{},"b":{},"_coverageSchema":"332fd63041d2c1bcb487cc26dd0d5f7d97098a6c","hash":"dd00db1f7ab16d881ba8df0e35492aab3fbb94f2"}
,"/home/travis/build/Stupidism/cra-rewired-starter/src/containers/LogoSpinSwitch/LogoSpinSwitch.js": {"path":"/home/travis/build/Stupidism/cra-rewired-starter/src/containers/LogoSpinSwitch/LogoSpinSwitch.js","statementMap":{"0":{"start":{"line":9,"column":30},"end":{"line":16,"column":1}},"1":{"start":{"line":10,"column":2},"end":{"line":15,"column":4}},"2":{"start":{"line":18,"column":30},"end":{"line":19,"column":55}},"3":{"start":{"line":18,"column":62},"end":{"line":19,"column":55}},"4":{"start":{"line":19,"column":2},"end":{"line":19,"column":55}}},"fnMap":{"0":{"name":"(anonymous_0)","decl":{"start":{"line":9,"column":30},"end":{"line":9,"column":31}},"loc":{"start":{"line":10,"column":2},"end":{"line":15,"column":4}},"line":10},"1":{"name":"(anonymous_1)","decl":{"start":{"line":18,"column":30},"end":{"line":18,"column":31}},"loc":{"start":{"line":18,"column":62},"end":{"line":19,"column":55}},"line":18},"2":{"name":"(anonymous_2)","decl":{"start":{"line":18,"column":62},"end":{"line":18,"column":63}},"loc":{"start":{"line":19,"column":2},"end":{"line":19,"column":55}},"line":19}},"branchMap":{},"s":{"0":3,"1":1,"2":3,"3":2,"4":2},"f":{"0":1,"1":2,"2":2},"b":{},"_coverageSchema":"332fd63041d2c1bcb487cc26dd0d5f7d97098a6c","hash":"829255c2ad8340e02a509f0f2ac432e2322c971e"}
,"/home/travis/build/Stupidism/cra-rewired-starter/src/containers/LogoSpinSwitch/index.js": {"path":"/home/travis/build/Stupidism/cra-rewired-starter/src/containers/LogoSpinSwitch/index.js","statementMap":{},"fnMap":{},"branchMap":{},"s":{},"f":{},"b":{},"_coverageSchema":"332fd63041d2c1bcb487cc26dd0d5f7d97098a6c","hash":"275e2c20831941484fab105ff803bcba3f9ffe35"}
,"/home/travis/build/Stupidism/cra-rewired-starter/src/containers/RandomQuote/FetchRandomQuoteButton.js": {"path":"/home/travis/build/Stupidism/cra-rewired-starter/src/containers/RandomQuote/FetchRandomQuoteButton.js","statementMap":{"0":{"start":{"line":12,"column":38},"end":{"line":16,"column":1}},"1":{"start":{"line":13,"column":2},"end":{"line":15,"column":11}}},"fnMap":{"0":{"name":"(anonymous_0)","decl":{"start":{"line":12,"column":38},"end":{"line":12,"column":39}},"loc":{"start":{"line":13,"column":2},"end":{"line":15,"column":11}},"line":13}},"branchMap":{},"s":{"0":4,"1":2},"f":{"0":2},"b":{},"_coverageSchema":"332fd63041d2c1bcb487cc26dd0d5f7d97098a6c","hash":"29fbeb1bbdfc6ab5c02fa9d1141d1c14bad6fa4f"}
,"/home/travis/build/Stupidism/cra-rewired-starter/src/containers/RandomQuote/RandomQuote.js": {"path":"/home/travis/build/Stupidism/cra-rewired-starter/src/containers/RandomQuote/RandomQuote.js","statementMap":{"0":{"start":{"line":17,"column":27},"end":{"line":17,"column":69}},"1":{"start":{"line":17,"column":53},"end":{"line":17,"column":69}},"2":{"start":{"line":19,"column":26},"end":{"line":24,"column":1}},"3":{"start":{"line":20,"column":2},"end":{"line":23,"column":8}},"4":{"start":{"line":26,"column":20},"end":{"line":31,"column":1}},"5":{"start":{"line":27,"column":2},"end":{"line":30,"column":8}},"6":{"start":{"line":34,"column":2},"end":{"line":36,"column":3}},"7":{"start":{"line":35,"column":4},"end":{"line":35,"column":34}},"8":{"start":{"line":40,"column":19},"end":{"line":40,"column":36}},"9":{"start":{"line":41,"column":25},"end":{"line":41,"column":31}},"10":{"start":{"line":42,"column":26},"end":{"line":42,"column":33}},"11":{"start":{"line":44,"column":27},"end":{"line":44,"column":39}}},"fnMap":{"0":{"name":"(anonymous_0)","decl":{"start":{"line":17,"column":27},"end":{"line":17,"column":28}},"loc":{"start":{"line":17,"column":53},"end":{"line":17,"column":69}},"line":17},"1":{"name":"(anonymous_1)","decl":{"start":{"line":19,"column":26},"end":{"line":19,"column":27}},"loc":{"start":{"line":20,"column":2},"end":{"line":23,"column":8}},"line":20},"2":{"name":"(anonymous_2)","decl":{"start":{"line":26,"column":20},"end":{"line":26,"column":21}},"loc":{"start":{"line":27,"column":2},"end":{"line":30,"column":8}},"line":27},"3":{"name":"componentDidMount","decl":{"start":{"line":33,"column":16},"end":{"line":33,"column":33}},"loc":{"start":{"line":33,"column":36},"end":{"line":37,"column":1}},"line":33},"4":{"name":"(anonymous_4)","decl":{"start":{"line":40,"column":10},"end":{"line":40,"column":11}},"loc":{"start":{"line":40,"column":19},"end":{"line":40,"column":36}},"line":40},"5":{"name":"(anonymous_5)","decl":{"start":{"line":41,"column":9},"end":{"line":41,"column":10}},"loc":{"start":{"line":41,"column":25},"end":{"line":41,"column":31}},"line":41},"6":{"name":"(anonymous_6)","decl":{"start":{"line":42,"column":9},"end":{"line":42,"column":10}},"loc":{"start":{"line":42,"column":26},"end":{"line":42,"column":33}},"line":42},"7":{"name":"(anonymous_7)","decl":{"start":{"line":44,"column":11},"end":{"line":44,"column":12}},"loc":{"start":{"line":44,"column":27},"end":{"line":44,"column":39}},"line":44}},"branchMap":{"0":{"loc":{"start":{"line":34,"column":2},"end":{"line":36,"column":3}},"type":"if","locations":[{"start":{"line":34,"column":2},"end":{"line":36,"column":3}},{"start":{"line":34,"column":2},"end":{"line":36,"column":3}}],"line":34}},"s":{"0":3,"1":1,"2":3,"3":1,"4":3,"5":1,"6":3,"7":1,"8":3,"9":3,"10":2,"11":1},"f":{"0":1,"1":1,"2":1,"3":3,"4":3,"5":3,"6":2,"7":1},"b":{"0":[1,2]},"_coverageSchema":"332fd63041d2c1bcb487cc26dd0d5f7d97098a6c","hash":"627c94d8ebc11560a479df517fcb2e22eb6d4d03"}
,"/home/travis/build/Stupidism/cra-rewired-starter/src/containers/RandomQuote/index.js": {"path":"/home/travis/build/Stupidism/cra-rewired-starter/src/containers/RandomQuote/index.js","statementMap":{},"fnMap":{},"branchMap":{},"s":{},"f":{},"b":{},"_coverageSchema":"332fd63041d2c1bcb487cc26dd0d5f7d97098a6c","hash":"f592d3d4e66db349daa350bbf9c3dffea05fb13c"}
,"/home/travis/build/Stupidism/cra-rewired-starter/src/modules/createAsyncComponent.js": {"path":"/home/travis/build/Stupidism/cra-rewired-starter/src/modules/createAsyncComponent.js","statementMap":{"0":{"start":{"line":5,"column":2},"end":{"line":8,"column":4}}},"fnMap":{"0":{"name":"(anonymous_0)","decl":{"start":{"line":4,"column":15},"end":{"line":4,"column":16}},"loc":{"start":{"line":5,"column":2},"end":{"line":8,"column":4}},"line":5}},"branchMap":{},"s":{"0":4},"f":{"0":4},"b":{},"_coverageSchema":"332fd63041d2c1bcb487cc26dd0d5f7d97098a6c","hash":"f171e8e6b844ea4c181d37a309c4e4ca700b54bd"}
,"/home/travis/build/Stupidism/cra-rewired-starter/src/modules/ExternalLink/ExternalLink.js": {"path":"/home/travis/build/Stupidism/cra-rewired-starter/src/modules/ExternalLink/ExternalLink.js","statementMap":{"0":{"start":{"line":3,"column":21},"end":{"line":7,"column":1}},"1":{"start":{"line":4,"column":2},"end":{"line":6,"column":6}}},"fnMap":{"0":{"name":"(anonymous_0)","decl":{"start":{"line":3,"column":21},"end":{"line":3,"column":22}},"loc":{"start":{"line":4,"column":2},"end":{"line":6,"column":6}},"line":4}},"branchMap":{},"s":{"0":6,"1":2},"f":{"0":2},"b":{},"_coverageSchema":"332fd63041d2c1bcb487cc26dd0d5f7d97098a6c","hash":"6f96d7332f95052834042c42e4389085c22d4fcf"}
,"/home/travis/build/Stupidism/cra-rewired-starter/src/modules/ExternalLink/index.js": {"path":"/home/travis/build/Stupidism/cra-rewired-starter/src/modules/ExternalLink/index.js","statementMap":{},"fnMap":{},"branchMap":{},"s":{},"f":{},"b":{},"_coverageSchema":"332fd63041d2c1bcb487cc26dd0d5f7d97098a6c","hash":"6e6a4d33d87c1e64ed4879404bffc369fbe36e1b"}
,"/home/travis/build/Stupidism/cra-rewired-starter/src/modules/Loading/Loading.js": {"path":"/home/travis/build/Stupidism/cra-rewired-starter/src/modules/Loading/Loading.js","statementMap":{"0":{"start":{"line":6,"column":16},"end":{"line":19,"column":1}},"1":{"start":{"line":12,"column":2},"end":{"line":18,"column":4}}},"fnMap":{"0":{"name":"(anonymous_0)","decl":{"start":{"line":6,"column":16},"end":{"line":6,"column":17}},"loc":{"start":{"line":12,"column":2},"end":{"line":18,"column":4}},"line":12}},"branchMap":{"0":{"loc":{"start":{"line":7,"column":2},"end":{"line":7,"column":17}},"type":"default-arg","locations":[{"start":{"line":7,"column":9},"end":{"line":7,"column":17}}],"line":7},"1":{"loc":{"start":{"line":8,"column":2},"end":{"line":8,"column":19}},"type":"default-arg","locations":[{"start":{"line":8,"column":10},"end":{"line":8,"column":19}}],"line":8},"2":{"loc":{"start":{"line":9,"column":2},"end":{"line":9,"column":12}},"type":"default-arg","locations":[{"start":{"line":9,"column":10},"end":{"line":9,"column":12}}],"line":9},"3":{"loc":{"start":{"line":10,"column":2},"end":{"line":10,"column":13}},"type":"default-arg","locations":[{"start":{"line":10,"column":11},"end":{"line":10,"column":13}}],"line":10}},"s":{"0":6,"1":3},"f":{"0":3},"b":{"0":[3],"1":[3],"2":[3],"3":[3]},"_coverageSchema":"332fd63041d2c1bcb487cc26dd0d5f7d97098a6c","hash":"5614ca1883213c330bdf0f7d39b8578e147ad0f9"}
,"/home/travis/build/Stupidism/cra-rewired-starter/src/modules/Loading/index.js": {"path":"/home/travis/build/Stupidism/cra-rewired-starter/src/modules/Loading/index.js","statementMap":{},"fnMap":{},"branchMap":{},"s":{},"f":{},"b":{},"_coverageSchema":"332fd63041d2c1bcb487cc26dd0d5f7d97098a6c","hash":"7e3a30a63bf3d210d17310b611bb4e54d961cf77"}
,"/home/travis/build/Stupidism/cra-rewired-starter/src/routes/App.js": {"path":"/home/travis/build/Stupidism/cra-rewired-starter/src/routes/App.js","statementMap":{"0":{"start":{"line":13,"column":4},"end":{"line":22,"column":6}}},"fnMap":{"0":{"name":"(anonymous_0)","decl":{"start":{"line":12,"column":2},"end":{"line":12,"column":3}},"loc":{"start":{"line":12,"column":11},"end":{"line":23,"column":3}},"line":12}},"branchMap":{},"s":{"0":3},"f":{"0":3},"b":{},"_coverageSchema":"332fd63041d2c1bcb487cc26dd0d5f7d97098a6c","hash":"d3fd9e495483ce55ac3553820d38ce4d253d7608"}
,"/home/travis/build/Stupidism/cra-rewired-starter/src/routes/index.js": {"path":"/home/travis/build/Stupidism/cra-rewired-starter/src/routes/index.js","statementMap":{},"fnMap":{},"branchMap":{},"s":{},"f":{},"b":{},"_coverageSchema":"332fd63041d2c1bcb487cc26dd0d5f7d97098a6c","hash":"4a68c4838a114a300ea6b6c09efa9752d88a346d"}
,"/home/travis/build/Stupidism/cra-rewired-starter/src/routes/HomePage/HomePage.js": {"path":"/home/travis/build/Stupidism/cra-rewired-starter/src/routes/HomePage/HomePage.js","statementMap":{"0":{"start":{"line":12,"column":14},"end":{"line":18,"column":1}},"1":{"start":{"line":20,"column":32},"end":{"line":52,"column":1}},"2":{"start":{"line":29,"column":2},"end":{"line":51,"column":8}},"3":{"start":{"line":54,"column":32},"end":{"line":55,"column":31}},"4":{"start":{"line":54,"column":66},"end":{"line":55,"column":31}},"5":{"start":{"line":55,"column":2},"end":{"line":55,"column":31}},"6":{"start":{"line":56,"column":35},"end":{"line":57,"column":34}},"7":{"start":{"line":56,"column":72},"end":{"line":57,"column":34}},"8":{"start":{"line":57,"column":2},"end":{"line":57,"column":34}},"9":{"start":{"line":59,"column":20},"end":{"line":68,"column":2}},"10":{"start":{"line":59,"column":46},"end":{"line":68,"column":1}}},"fnMap":{"0":{"name":"(anonymous_0)","decl":{"start":{"line":20,"column":32},"end":{"line":20,"column":33}},"loc":{"start":{"line":29,"column":2},"end":{"line":51,"column":8}},"line":29},"1":{"name":"(anonymous_1)","decl":{"start":{"line":54,"column":32},"end":{"line":54,"column":33}},"loc":{"start":{"line":54,"column":66},"end":{"line":55,"column":31}},"line":54},"2":{"name":"(anonymous_2)","decl":{"start":{"line":54,"column":66},"end":{"line":54,"column":67}},"loc":{"start":{"line":55,"column":2},"end":{"line":55,"column":31}},"line":55},"3":{"name":"(anonymous_3)","decl":{"start":{"line":56,"column":35},"end":{"line":56,"column":36}},"loc":{"start":{"line":56,"column":72},"end":{"line":57,"column":34}},"line":56},"4":{"name":"(anonymous_4)","decl":{"start":{"line":56,"column":72},"end":{"line":56,"column":73}},"loc":{"start":{"line":57,"column":2},"end":{"line":57,"column":34}},"line":57},"5":{"name":"(anonymous_5)","decl":{"start":{"line":59,"column":20},"end":{"line":59,"column":21}},"loc":{"start":{"line":59,"column":46},"end":{"line":68,"column":1}},"line":59}},"branchMap":{"0":{"loc":{"start":{"line":60,"column":26},"end":{"line":62,"column":15}},"type":"cond-expr","locations":[{"start":{"line":61,"column":6},"end":{"line":61,"column":15}},{"start":{"line":62,"column":6},"end":{"line":62,"column":15}}],"line":60},"1":{"loc":{"start":{"line":63,"column":29},"end":{"line":65,"column":15}},"type":"cond-expr","locations":[{"start":{"line":64,"column":6},"end":{"line":64,"column":15}},{"start":{"line":65,"column":6},"end":{"line":65,"column":15}}],"line":63}},"s":{"0":2,"1":2,"2":4,"3":2,"4":1,"5":1,"6":2,"7":1,"8":1,"9":2,"10":4},"f":{"0":4,"1":1,"2":1,"3":1,"4":1,"5":4},"b":{"0":[1,3],"1":[1,3]},"_coverageSchema":"332fd63041d2c1bcb487cc26dd0d5f7d97098a6c","hash":"c58d5a372c802cee6c94de7af19edf04106a2dbd"}
,"/home/travis/build/Stupidism/cra-rewired-starter/src/routes/HomePage/index.js": {"path":"/home/travis/build/Stupidism/cra-rewired-starter/src/routes/HomePage/index.js","statementMap":{"0":{"start":{"line":4,"column":2},"end":{"line":4,"column":64}}},"fnMap":{"0":{"name":"(anonymous_0)","decl":{"start":{"line":3,"column":36},"end":{"line":3,"column":37}},"loc":{"start":{"line":4,"column":2},"end":{"line":4,"column":64}},"line":4}},"branchMap":{},"s":{"0":1},"f":{"0":1},"b":{},"_coverageSchema":"332fd63041d2c1bcb487cc26dd0d5f7d97098a6c","hash":"9fa208530bb03416618184d5c9df87276eb680c5"}
,"/home/travis/build/Stupidism/cra-rewired-starter/src/routes/NotFoundPage/NotFoundPage.js": {"path":"/home/travis/build/Stupidism/cra-rewired-starter/src/routes/NotFoundPage/NotFoundPage.js","statementMap":{"0":{"start":{"line":4,"column":21},"end":{"line":8,"column":1}},"1":{"start":{"line":5,"column":2},"end":{"line":7,"column":7}}},"fnMap":{"0":{"name":"(anonymous_0)","decl":{"start":{"line":4,"column":21},"end":{"line":4,"column":22}},"loc":{"start":{"line":5,"column":2},"end":{"line":7,"column":7}},"line":5}},"branchMap":{},"s":{"0":2,"1":2},"f":{"0":2},"b":{},"_coverageSchema":"332fd63041d2c1bcb487cc26dd0d5f7d97098a6c","hash":"22360426d8d8b307ba9abcde65777fca56541aec"}
,"/home/travis/build/Stupidism/cra-rewired-starter/src/routes/NotFoundPage/index.js": {"path":"/home/travis/build/Stupidism/cra-rewired-starter/src/routes/NotFoundPage/index.js","statementMap":{"0":{"start":{"line":4,"column":2},"end":{"line":4,"column":72}}},"fnMap":{"0":{"name":"(anonymous_0)","decl":{"start":{"line":3,"column":36},"end":{"line":3,"column":37}},"loc":{"start":{"line":4,"column":2},"end":{"line":4,"column":72}},"line":4}},"branchMap":{},"s":{"0":1},"f":{"0":1},"b":{},"_coverageSchema":"332fd63041d2c1bcb487cc26dd0d5f7d97098a6c","hash":"85f022bfabc64ccee115a7d5cb3572ffb5ed6b87"}
,"/home/travis/build/Stupidism/cra-rewired-starter/src/store/connect.js": {"path":"/home/travis/build/Stupidism/cra-rewired-starter/src/store/connect.js","statementMap":{"0":{"start":{"line":7,"column":52},"end":{"line":14,"column":4}},"1":{"start":{"line":7,"column":67},"end":{"line":14,"column":4}},"2":{"start":{"line":8,"column":2},"end":{"line":14,"column":4}},"3":{"start":{"line":9,"column":4},"end":{"line":11,"column":5}},"4":{"start":{"line":10,"column":6},"end":{"line":10,"column":29}},"5":{"start":{"line":13,"column":4},"end":{"line":13,"column":80}},"6":{"start":{"line":16,"column":43},"end":{"line":22,"column":1}},"7":{"start":{"line":17,"column":2},"end":{"line":17,"column":56}},"8":{"start":{"line":17,"column":39},"end":{"line":17,"column":56}},"9":{"start":{"line":19,"column":26},"end":{"line":19,"column":75}},"10":{"start":{"line":21,"column":2},"end":{"line":21,"column":64}},"11":{"start":{"line":24,"column":33},"end":{"line":27,"column":1}}},"fnMap":{"0":{"name":"(anonymous_0)","decl":{"start":{"line":7,"column":52},"end":{"line":7,"column":53}},"loc":{"start":{"line":7,"column":67},"end":{"line":14,"column":4}},"line":7},"1":{"name":"(anonymous_1)","decl":{"start":{"line":7,"column":67},"end":{"line":7,"column":68}},"loc":{"start":{"line":8,"column":2},"end":{"line":14,"column":4}},"line":8},"2":{"name":"(anonymous_2)","decl":{"start":{"line":8,"column":27},"end":{"line":8,"column":28}},"loc":{"start":{"line":8,"column":39},"end":{"line":14,"column":3}},"line":8},"3":{"name":"(anonymous_3)","decl":{"start":{"line":16,"column":43},"end":{"line":16,"column":44}},"loc":{"start":{"line":16,"column":58},"end":{"line":22,"column":1}},"line":16}},"branchMap":{"0":{"loc":{"start":{"line":9,"column":4},"end":{"line":11,"column":5}},"type":"if","locations":[{"start":{"line":9,"column":4},"end":{"line":11,"column":5}},{"start":{"line":9,"column":4},"end":{"line":11,"column":5}}],"line":9},"1":{"loc":{"start":{"line":17,"column":2},"end":{"line":17,"column":56}},"type":"if","locations":[{"start":{"line":17,"column":2},"end":{"line":17,"column":56}},{"start":{"line":17,"column":2},"end":{"line":17,"column":56}}],"line":17}},"s":{"0":8,"1":12,"2":4,"3":5,"4":3,"5":2,"6":8,"7":11,"8":1,"9":10,"10":10,"11":8},"f":{"0":12,"1":4,"2":5,"3":11},"b":{"0":[3,2],"1":[1,10]},"_coverageSchema":"332fd63041d2c1bcb487cc26dd0d5f7d97098a6c","hash":"f394c74a5d5fcbfb449f9cdc67a776eed68d22d3"}
,"/home/travis/build/Stupidism/cra-rewired-starter/src/store/index.js": {"path":"/home/travis/build/Stupidism/cra-rewired-starter/src/store/index.js","statementMap":{"0":{"start":{"line":8,"column":30},"end":{"line":21,"column":1}},"1":{"start":{"line":8,"column":69},"end":{"line":8,"column":74}},"2":{"start":{"line":9,"column":20},"end":{"line":9,"column":22}},"3":{"start":{"line":10,"column":21},"end":{"line":10,"column":57}},"4":{"start":{"line":13,"column":4},"end":{"line":13,"column":74}},"5":{"start":{"line":15,"column":28},"end":{"line":18,"column":3}},"6":{"start":{"line":20,"column":2},"end":{"line":20,"column":63}}},"fnMap":{"0":{"name":"(anonymous_0)","decl":{"start":{"line":8,"column":30},"end":{"line":8,"column":31}},"loc":{"start":{"line":8,"column":79},"end":{"line":21,"column":1}},"line":8},"1":{"name":"(anonymous_1)","decl":{"start":{"line":8,"column":60},"end":{"line":8,"column":61}},"loc":{"start":{"line":8,"column":69},"end":{"line":8,"column":74}},"line":8}},"branchMap":{"0":{"loc":{"start":{"line":8,"column":31},"end":{"line":8,"column":48}},"type":"default-arg","locations":[{"start":{"line":8,"column":46},"end":{"line":8,"column":48}}],"line":8},"1":{"loc":{"start":{"line":8,"column":50},"end":{"line":8,"column":74}},"type":"default-arg","locations":[{"start":{"line":8,"column":60},"end":{"line":8,"column":74}}],"line":8},"2":{"loc":{"start":{"line":13,"column":4},"end":{"line":13,"column":74}},"type":"cond-expr","locations":[{"start":{"line":13,"column":45},"end":{"line":13,"column":64}},{"start":{"line":13,"column":67},"end":{"line":13,"column":74}}],"line":13}},"s":{"0":4,"1":9,"2":12,"3":12,"4":12,"5":12,"6":12},"f":{"0":12,"1":9},"b":{"0":[3],"1":[8],"2":[1,11]},"_coverageSchema":"332fd63041d2c1bcb487cc26dd0d5f7d97098a6c","hash":"7f2751bb3fc87c526a99689f267d0d2666b637c3"}
,"/home/travis/build/Stupidism/cra-rewired-starter/src/store/reducers.js": {"path":"/home/travis/build/Stupidism/cra-rewired-starter/src/store/reducers.js","statementMap":{},"fnMap":{},"branchMap":{},"s":{},"f":{},"b":{},"_coverageSchema":"332fd63041d2c1bcb487cc26dd0d5f7d97098a6c","hash":"60c7c7eadb244106c99ada99b928d285432ecb0c"}
,"/home/travis/build/Stupidism/cra-rewired-starter/src/store/modules/randomQuote.js": {"path":"/home/travis/build/Stupidism/cra-rewired-starter/src/store/modules/randomQuote.js","statementMap":{"0":{"start":{"line":17,"column":34},"end":{"line":17,"column":53}},"1":{"start":{"line":18,"column":36},"end":{"line":18,"column":57}},"2":{"start":{"line":19,"column":33},"end":{"line":19,"column":51}},"3":{"start":{"line":24,"column":32},"end":{"line":24,"column":68}},"4":{"start":{"line":24,"column":39},"end":{"line":24,"column":67}},"5":{"start":{"line":25,"column":34},"end":{"line":28,"column":2}},"6":{"start":{"line":25,"column":59},"end":{"line":28,"column":1}},"7":{"start":{"line":29,"column":31},"end":{"line":29,"column":76}},"8":{"start":{"line":29,"column":41},"end":{"line":29,"column":75}},"9":{"start":{"line":34,"column":32},"end":{"line":51,"column":1}},"10":{"start":{"line":34,"column":38},"end":{"line":51,"column":1}},"11":{"start":{"line":35,"column":2},"end":{"line":35,"column":45}},"12":{"start":{"line":35,"column":38},"end":{"line":35,"column":45}},"13":{"start":{"line":36,"column":2},"end":{"line":36,"column":31}},"14":{"start":{"line":37,"column":2},"end":{"line":50,"column":3}},"15":{"start":{"line":38,"column":32},"end":{"line":38,"column":62}},"16":{"start":{"line":39,"column":30},"end":{"line":39,"column":47}},"17":{"start":{"line":42,"column":4},"end":{"line":47,"column":6}},"18":{"start":{"line":43,"column":6},"end":{"line":46,"column":14}},"19":{"start":{"line":44,"column":8},"end":{"line":44,"column":56}},"20":{"start":{"line":45,"column":8},"end":{"line":45,"column":35}},"21":{"start":{"line":49,"column":4},"end":{"line":49,"column":37}},"22":{"start":{"line":56,"column":36},"end":{"line":56,"column":76}},"23":{"start":{"line":56,"column":57},"end":{"line":56,"column":76}},"24":{"start":{"line":61,"column":28},"end":{"line":66,"column":1}},"25":{"start":{"line":69,"column":31},"end":{"line":72,"column":3}},"26":{"start":{"line":73,"column":49},"end":{"line":77,"column":3}},"27":{"start":{"line":78,"column":46},"end":{"line":83,"column":3}}},"fnMap":{"0":{"name":"(anonymous_0)","decl":{"start":{"line":24,"column":32},"end":{"line":24,"column":33}},"loc":{"start":{"line":24,"column":39},"end":{"line":24,"column":67}},"line":24},"1":{"name":"(anonymous_1)","decl":{"start":{"line":25,"column":34},"end":{"line":25,"column":35}},"loc":{"start":{"line":25,"column":59},"end":{"line":28,"column":1}},"line":25},"2":{"name":"(anonymous_2)","decl":{"start":{"line":29,"column":31},"end":{"line":29,"column":32}},"loc":{"start":{"line":29,"column":41},"end":{"line":29,"column":75}},"line":29},"3":{"name":"(anonymous_3)","decl":{"start":{"line":34,"column":32},"end":{"line":34,"column":33}},"loc":{"start":{"line":34,"column":38},"end":{"line":51,"column":1}},"line":34},"4":{"name":"(anonymous_4)","decl":{"start":{"line":34,"column":38},"end":{"line":34,"column":39}},"loc":{"start":{"line":34,"column":79},"end":{"line":51,"column":1}},"line":34},"5":{"name":"(anonymous_5)","decl":{"start":{"line":42,"column":23},"end":{"line":42,"column":24}},"loc":{"start":{"line":43,"column":6},"end":{"line":46,"column":14}},"line":43},"6":{"name":"(anonymous_6)","decl":{"start":{"line":43,"column":17},"end":{"line":43,"column":18}},"loc":{"start":{"line":43,"column":23},"end":{"line":46,"column":7}},"line":43},"7":{"name":"(anonymous_7)","decl":{"start":{"line":56,"column":36},"end":{"line":56,"column":37}},"loc":{"start":{"line":56,"column":57},"end":{"line":56,"column":76}},"line":56},"8":{"name":"(anonymous_8)","decl":{"start":{"line":69,"column":24},"end":{"line":69,"column":25}},"loc":{"start":{"line":69,"column":31},"end":{"line":72,"column":3}},"line":69},"9":{"name":"(anonymous_9)","decl":{"start":{"line":73,"column":26},"end":{"line":73,"column":27}},"loc":{"start":{"line":73,"column":49},"end":{"line":77,"column":3}},"line":73},"10":{"name":"(anonymous_10)","decl":{"start":{"line":78,"column":23},"end":{"line":78,"column":24}},"loc":{"start":{"line":78,"column":46},"end":{"line":83,"column":3}},"line":78}},"branchMap":{"0":{"loc":{"start":{"line":35,"column":2},"end":{"line":35,"column":45}},"type":"if","locations":[{"start":{"line":35,"column":2},"end":{"line":35,"column":45}},{"start":{"line":35,"column":2},"end":{"line":35,"column":45}}],"line":35}},"s":{"0":8,"1":8,"2":8,"3":8,"4":5,"5":8,"6":3,"7":8,"8":3,"9":8,"10":3,"11":3,"12":1,"13":2,"14":2,"15":2,"16":1,"17":1,"18":1,"19":1,"20":1,"21":1,"22":8,"23":2,"24":8,"25":1,"26":1,"27":1},"f":{"0":5,"1":3,"2":3,"3":3,"4":3,"5":1,"6":1,"7":2,"8":1,"9":1,"10":1},"b":{"0":[1,2]},"_coverageSchema":"332fd63041d2c1bcb487cc26dd0d5f7d97098a6c","hash":"0767c5c2677052ae5aa22532fc85fb873282b2a0"}
,"/home/travis/build/Stupidism/cra-rewired-starter/src/store/modules/runtime.js": {"path":"/home/travis/build/Stupidism/cra-rewired-starter/src/store/modules/runtime.js","statementMap":{"0":{"start":{"line":7,"column":36},"end":{"line":7,"column":58}},"1":{"start":{"line":22,"column":46},"end":{"line":25,"column":2}},"2":{"start":{"line":22,"column":56},"end":{"line":25,"column":1}},"3":{"start":{"line":30,"column":21},"end":{"line":32,"column":1}},"4":{"start":{"line":35,"column":46},"end":{"line":35,"column":75}}},"fnMap":{"0":{"name":"(anonymous_0)","decl":{"start":{"line":22,"column":46},"end":{"line":22,"column":47}},"loc":{"start":{"line":22,"column":56},"end":{"line":25,"column":1}},"line":22},"1":{"name":"(anonymous_1)","decl":{"start":{"line":35,"column":26},"end":{"line":35,"column":27}},"loc":{"start":{"line":35,"column":46},"end":{"line":35,"column":75}},"line":35}},"branchMap":{},"s":{"0":8,"1":8,"2":3,"3":8,"4":1},"f":{"0":3,"1":1},"b":{},"_coverageSchema":"332fd63041d2c1bcb487cc26dd0d5f7d97098a6c","hash":"1765cd7cea1be88c980652b079ce9f9d42f80eef"}
,"/home/travis/build/Stupidism/cra-rewired-starter/src/store/selectors/logoSpinning.js": {"path":"/home/travis/build/Stupidism/cra-rewired-starter/src/store/selectors/logoSpinning.js","statementMap":{"0":{"start":{"line":3,"column":21},"end":{"line":3,"column":78}},"1":{"start":{"line":3,"column":47},"end":{"line":3,"column":78}}},"fnMap":{"0":{"name":"(anonymous_0)","decl":{"start":{"line":3,"column":21},"end":{"line":3,"column":22}},"loc":{"start":{"line":3,"column":47},"end":{"line":3,"column":78}},"line":3}},"branchMap":{"0":{"loc":{"start":{"line":3,"column":47},"end":{"line":3,"column":78}},"type":"binary-expr","locations":[{"start":{"line":3,"column":47},"end":{"line":3,"column":54}},{"start":{"line":3,"column":58},"end":{"line":3,"column":78}}],"line":3}},"s":{"0":6,"1":1},"f":{"0":1},"b":{"0":[1,1]},"_coverageSchema":"332fd63041d2c1bcb487cc26dd0d5f7d97098a6c","hash":"ee8de78164b1f563a4e74e9f6bb0977a4b22cbbc"}
,"/home/travis/build/Stupidism/cra-rewired-starter/src/utils/delayPromise.js": {"path":"/home/travis/build/Stupidism/cra-rewired-starter/src/utils/delayPromise.js","statementMap":{"0":{"start":{"line":2,"column":2},"end":{"line":2,"column":67}},"1":{"start":{"line":2,"column":25},"end":{"line":2,"column":66}},"2":{"start":{"line":2,"column":42},"end":{"line":2,"column":58}}},"fnMap":{"0":{"name":"(anonymous_0)","decl":{"start":{"line":1,"column":15},"end":{"line":1,"column":16}},"loc":{"start":{"line":2,"column":2},"end":{"line":2,"column":67}},"line":2},"1":{"name":"(anonymous_1)","decl":{"start":{"line":2,"column":14},"end":{"line":2,"column":15}},"loc":{"start":{"line":2,"column":25},"end":{"line":2,"column":66}},"line":2},"2":{"name":"(anonymous_2)","decl":{"start":{"line":2,"column":36},"end":{"line":2,"column":37}},"loc":{"start":{"line":2,"column":42},"end":{"line":2,"column":58}},"line":2}},"branchMap":{},"s":{"0":3,"1":3,"2":3},"f":{"0":3,"1":3,"2":3},"b":{},"_coverageSchema":"332fd63041d2c1bcb487cc26dd0d5f7d97098a6c","hash":"96ad2a0216fc2df083ad0ddbe73c1394e5c35b8d"}
}
