TN:
SF:/home/travis/build/Stupidism/cra-rewired-starter/src/components/ExternalLink.js
FN:3,(anonymous_0)
FNF:1
FNH:1
FNDA:2,(anonymous_0)
DA:4,2
LF:1
LH:1
BRF:0
BRH:0
end_of_record
TN:
SF:/home/travis/build/Stupidism/cra-rewired-starter/src/containers/Header/Header.js
FN:10,(anonymous_0)
FNF:1
FNH:1
FNDA:3,(anonymous_0)
DA:10,2
DA:11,3
LF:2
LH:2
BRDA:14,0,0,1
BRDA:14,0,1,2
BRF:2
BRH:2
end_of_record
TN:
SF:/home/travis/build/Stupidism/cra-rewired-starter/src/containers/Header/index.js
FNF:0
FNH:0
LF:0
LH:0
BRF:0
BRH:0
end_of_record
TN:
SF:/home/travis/build/Stupidism/cra-rewired-starter/src/routes/NotFoundPage.js
FN:4,(anonymous_0)
FNF:1
FNH:1
FNDA:2,(anonymous_0)
DA:5,2
LF:1
LH:1
BRF:0
BRH:0
end_of_record
TN:
SF:/home/travis/build/Stupidism/cra-rewired-starter/src/routes/App/App.js
FN:11,(anonymous_0)
FNF:1
FNH:1
FNDA:3,(anonymous_0)
DA:12,3
LF:1
LH:1
BRF:0
BRH:0
end_of_record
TN:
SF:/home/travis/build/Stupidism/cra-rewired-starter/src/routes/App/index.js
FNF:0
FNH:0
LF:0
LH:0
BRF:0
BRH:0
end_of_record
TN:
SF:/home/travis/build/Stupidism/cra-rewired-starter/src/routes/HomePage/HomePage.js
FN:9,(anonymous_0)
FNF:1
FNH:1
FNDA:1,(anonymous_0)
DA:9,2
DA:10,1
LF:2
LH:2
BRF:0
BRH:0
end_of_record
TN:
SF:/home/travis/build/Stupidism/cra-rewired-starter/src/routes/HomePage/LogoSpinSwitch.js
FN:9,(anonymous_0)
FN:13,(anonymous_1)
FN:13,(anonymous_2)
FNF:3
FNH:3
FNDA:1,(anonymous_0)
FNDA:2,(anonymous_1)
FNDA:2,(anonymous_2)
DA:9,3
DA:10,1
DA:13,3
DA:14,2
LF:4
LH:4
BRF:0
BRH:0
end_of_record
TN:
SF:/home/travis/build/Stupidism/cra-rewired-starter/src/routes/HomePage/index.js
FNF:0
FNH:0
LF:0
LH:0
BRF:0
BRH:0
end_of_record
TN:
SF:/home/travis/build/Stupidism/cra-rewired-starter/src/store/connect.js
FN:7,(anonymous_0)
FN:7,(anonymous_1)
FN:8,(anonymous_2)
FN:16,(anonymous_3)
FNF:4
FNH:4
FNDA:8,(anonymous_0)
FNDA:3,(anonymous_1)
FNDA:4,(anonymous_2)
FNDA:7,(anonymous_3)
DA:7,8
DA:8,3
DA:9,4
DA:10,2
DA:13,2
DA:16,5
DA:17,7
DA:19,6
DA:21,6
DA:24,5
LF:10
LH:10
BRDA:9,0,0,2
BRDA:9,0,1,2
BRDA:17,1,0,1
BRDA:17,1,1,6
BRF:4
BRH:4
end_of_record
TN:
SF:/home/travis/build/Stupidism/cra-rewired-starter/src/store/index.js
FN:6,(anonymous_0)
FN:6,(anonymous_1)
FNF:2
FNH:2
FNDA:8,(anonymous_0)
FNDA:6,(anonymous_1)
DA:6,6
DA:7,8
DA:8,8
DA:11,8
DA:13,8
DA:18,8
LF:6
LH:6
BRDA:6,0,0,3
BRDA:6,1,0,5
BRDA:11,2,0,1
BRDA:11,2,1,7
BRF:4
BRH:4
end_of_record
TN:
SF:/home/travis/build/Stupidism/cra-rewired-starter/src/store/reducers.js
FNF:0
FNH:0
LF:0
LH:0
BRF:0
BRH:0
end_of_record
TN:
SF:/home/travis/build/Stupidism/cra-rewired-starter/src/store/modules/runtime.js
FN:22,(anonymous_0)
FN:35,(anonymous_1)
FNF:2
FNH:2
FNDA:3,(anonymous_0)
FNDA:1,(anonymous_1)
DA:7,7
DA:22,7
DA:30,7
DA:35,1
LF:4
LH:4
BRF:0
BRH:0
end_of_record
TN:
SF:/home/travis/build/Stupidism/cra-rewired-starter/src/store/selectors/logoSpinning.js
FN:3,(anonymous_0)
FNF:1
FNH:1
FNDA:1,(anonymous_0)
DA:3,5
LF:1
LH:1
BRDA:3,0,0,1
BRDA:3,0,1,1
BRF:2
BRH:2
end_of_record
