TN:
SF:/home/travis/build/Stupidism/cra-rewired-starter/src/apis/fetch.js
FN:5,(anonymous_0)
FN:7,(anonymous_1)
FN:7,(anonymous_2)
FNF:3
FNH:3
FNDA:1,(anonymous_0)
FNDA:12,(anonymous_1)
FNDA:3,(anonymous_2)
DA:3,9
DA:5,9
DA:7,12
DA:8,3
DA:9,1
DA:11,2
DA:14,2
DA:16,2
DA:19,9
LF:9
LH:9
BRDA:8,0,0,1
BRDA:8,0,1,2
BRDA:11,1,0,1
BRDA:14,2,0,2
BRDA:14,2,1,2
BRDA:14,2,2,2
BRF:6
BRH:6
end_of_record
TN:
SF:/home/travis/build/Stupidism/cra-rewired-starter/src/apis/index.js
FNF:0
FNH:0
LF:0
LH:0
BRF:0
BRH:0
end_of_record
TN:
SF:/home/travis/build/Stupidism/cra-rewired-starter/src/apis/mashape/random-quotes/list.js
FN:1,(anonymous_0)
FNF:1
FNH:1
FNDA:4,(anonymous_0)
DA:1,4
LF:1
LH:1
BRF:0
BRH:0
end_of_record
TN:
SF:/home/travis/build/Stupidism/cra-rewired-starter/src/components/Dependencies/Dependencies.js
FN:59,(anonymous_0)
FNF:1
FNH:1
FNDA:1,(anonymous_0)
DA:12,2
DA:52,2
DA:59,2
DA:60,1
LF:4
LH:4
BRF:0
BRH:0
end_of_record
TN:
SF:/home/travis/build/Stupidism/cra-rewired-starter/src/components/Dependencies/index.js
FN:7,(anonymous_0)
FNF:1
FNH:1
FNDA:1,(anonymous_0)
DA:8,1
LF:1
LH:1
BRF:0
BRH:0
end_of_record
TN:
SF:/home/travis/build/Stupidism/cra-rewired-starter/src/components/DevDependencies/DevDependencies.js
FN:94,(anonymous_0)
FNF:1
FNH:1
FNDA:1,(anonymous_0)
DA:4,2
DA:94,2
DA:95,1
LF:3
LH:3
BRF:0
BRH:0
end_of_record
TN:
SF:/home/travis/build/Stupidism/cra-rewired-starter/src/components/DevDependencies/index.js
FN:7,(anonymous_0)
FNF:1
FNH:1
FNDA:1,(anonymous_0)
DA:8,1
LF:1
LH:1
BRF:0
BRH:0
end_of_record
TN:
SF:/home/travis/build/Stupidism/cra-rewired-starter/src/components/ReactLoadableDependency/ReactLoadableDependency.js
FN:13,(anonymous_0)
FNF:1
FNH:1
FNDA:3,(anonymous_0)
DA:5,3
DA:13,3
DA:14,3
LF:3
LH:3
BRF:0
BRH:0
end_of_record
TN:
SF:/home/travis/build/Stupidism/cra-rewired-starter/src/components/ReactLoadableDependency/index.js
FNF:0
FNH:0
LF:0
LH:0
BRF:0
BRH:0
end_of_record
TN:
SF:/home/travis/build/Stupidism/cra-rewired-starter/src/containers/Header/Header.js
FN:11,(anonymous_0)
FNF:1
FNH:1
FNDA:3,(anonymous_0)
DA:11,2
DA:12,3
LF:2
LH:2
BRDA:15,0,0,1
BRDA:15,0,1,2
BRF:2
BRH:2
end_of_record
TN:
SF:/home/travis/build/Stupidism/cra-rewired-starter/src/containers/Header/index.js
FNF:0
FNH:0
LF:0
LH:0
BRF:0
BRH:0
end_of_record
TN:
SF:/home/travis/build/Stupidism/cra-rewired-starter/src/containers/LogoSpinSwitch/LogoSpinSwitch.js
FN:9,(anonymous_0)
FN:18,(anonymous_1)
FN:18,(anonymous_2)
FNF:3
FNH:3
FNDA:1,(anonymous_0)
FNDA:2,(anonymous_1)
FNDA:2,(anonymous_2)
DA:9,3
DA:10,1
DA:18,3
DA:19,2
LF:4
LH:4
BRF:0
BRH:0
end_of_record
TN:
SF:/home/travis/build/Stupidism/cra-rewired-starter/src/containers/LogoSpinSwitch/index.js
FNF:0
FNH:0
LF:0
LH:0
BRF:0
BRH:0
end_of_record
TN:
SF:/home/travis/build/Stupidism/cra-rewired-starter/src/containers/RandomQuote/FetchRandomQuoteButton.js
FN:12,(anonymous_0)
FNF:1
FNH:1
FNDA:2,(anonymous_0)
DA:12,4
DA:13,2
LF:2
LH:2
BRF:0
BRH:0
end_of_record
TN:
SF:/home/travis/build/Stupidism/cra-rewired-starter/src/containers/RandomQuote/RandomQuote.js
FN:17,(anonymous_0)
FN:19,(anonymous_1)
FN:26,(anonymous_2)
FN:33,componentDidMount
FN:40,(anonymous_4)
FN:41,(anonymous_5)
FN:42,(anonymous_6)
FN:44,(anonymous_7)
FNF:8
FNH:8
FNDA:1,(anonymous_0)
FNDA:1,(anonymous_1)
FNDA:1,(anonymous_2)
FNDA:3,componentDidMount
FNDA:3,(anonymous_4)
FNDA:3,(anonymous_5)
FNDA:2,(anonymous_6)
FNDA:1,(anonymous_7)
DA:17,3
DA:19,3
DA:20,1
DA:26,3
DA:27,1
DA:34,3
DA:35,1
DA:40,3
DA:41,3
DA:42,2
DA:44,1
LF:11
LH:11
BRDA:34,0,0,1
BRDA:34,0,1,2
BRF:2
BRH:2
end_of_record
TN:
SF:/home/travis/build/Stupidism/cra-rewired-starter/src/containers/RandomQuote/index.js
FNF:0
FNH:0
LF:0
LH:0
BRF:0
BRH:0
end_of_record
TN:
SF:/home/travis/build/Stupidism/cra-rewired-starter/src/modules/createAsyncComponent.js
FN:4,(anonymous_0)
FNF:1
FNH:1
FNDA:4,(anonymous_0)
DA:5,4
LF:1
LH:1
BRF:0
BRH:0
end_of_record
TN:
SF:/home/travis/build/Stupidism/cra-rewired-starter/src/modules/ExternalLink/ExternalLink.js
FN:3,(anonymous_0)
FNF:1
FNH:1
FNDA:2,(anonymous_0)
DA:3,6
DA:4,2
LF:2
LH:2
BRF:0
BRH:0
end_of_record
TN:
SF:/home/travis/build/Stupidism/cra-rewired-starter/src/modules/ExternalLink/index.js
FNF:0
FNH:0
LF:0
LH:0
BRF:0
BRH:0
end_of_record
TN:
SF:/home/travis/build/Stupidism/cra-rewired-starter/src/modules/Loading/Loading.js
FN:6,(anonymous_0)
FNF:1
FNH:1
FNDA:3,(anonymous_0)
DA:6,6
DA:12,3
LF:2
LH:2
BRDA:7,0,0,3
BRDA:8,1,0,3
BRDA:9,2,0,3
BRDA:10,3,0,3
BRF:4
BRH:4
end_of_record
TN:
SF:/home/travis/build/Stupidism/cra-rewired-starter/src/modules/Loading/index.js
FNF:0
FNH:0
LF:0
LH:0
BRF:0
BRH:0
end_of_record
TN:
SF:/home/travis/build/Stupidism/cra-rewired-starter/src/routes/App.js
FN:12,(anonymous_0)
FNF:1
FNH:1
FNDA:3,(anonymous_0)
DA:13,3
LF:1
LH:1
BRF:0
BRH:0
end_of_record
TN:
SF:/home/travis/build/Stupidism/cra-rewired-starter/src/routes/index.js
FNF:0
FNH:0
LF:0
LH:0
BRF:0
BRH:0
end_of_record
TN:
SF:/home/travis/build/Stupidism/cra-rewired-starter/src/routes/HomePage/HomePage.js
FN:20,(anonymous_0)
FN:54,(anonymous_1)
FN:54,(anonymous_2)
FN:56,(anonymous_3)
FN:56,(anonymous_4)
FN:59,(anonymous_5)
FNF:6
FNH:6
FNDA:4,(anonymous_0)
FNDA:1,(anonymous_1)
FNDA:1,(anonymous_2)
FNDA:1,(anonymous_3)
FNDA:1,(anonymous_4)
FNDA:4,(anonymous_5)
DA:12,2
DA:20,2
DA:29,4
DA:54,2
DA:55,1
DA:56,2
DA:57,1
DA:59,4
LF:8
LH:8
BRDA:60,0,0,1
BRDA:60,0,1,3
BRDA:63,1,0,1
BRDA:63,1,1,3
BRF:4
BRH:4
end_of_record
TN:
SF:/home/travis/build/Stupidism/cra-rewired-starter/src/routes/HomePage/index.js
FN:3,(anonymous_0)
FNF:1
FNH:1
FNDA:1,(anonymous_0)
DA:4,1
LF:1
LH:1
BRF:0
BRH:0
end_of_record
TN:
SF:/home/travis/build/Stupidism/cra-rewired-starter/src/routes/NotFoundPage/NotFoundPage.js
FN:4,(anonymous_0)
FNF:1
FNH:1
FNDA:2,(anonymous_0)
DA:4,2
DA:5,2
LF:2
LH:2
BRF:0
BRH:0
end_of_record
TN:
SF:/home/travis/build/Stupidism/cra-rewired-starter/src/routes/NotFoundPage/index.js
FN:3,(anonymous_0)
FNF:1
FNH:1
FNDA:1,(anonymous_0)
DA:4,1
LF:1
LH:1
BRF:0
BRH:0
end_of_record
TN:
SF:/home/travis/build/Stupidism/cra-rewired-starter/src/store/connect.js
FN:7,(anonymous_0)
FN:7,(anonymous_1)
FN:8,(anonymous_2)
FN:16,(anonymous_3)
FNF:4
FNH:4
FNDA:12,(anonymous_0)
FNDA:4,(anonymous_1)
FNDA:5,(anonymous_2)
FNDA:11,(anonymous_3)
DA:7,12
DA:8,4
DA:9,5
DA:10,3
DA:13,2
DA:16,8
DA:17,11
DA:19,10
DA:21,10
DA:24,8
LF:10
LH:10
BRDA:9,0,0,3
BRDA:9,0,1,2
BRDA:17,1,0,1
BRDA:17,1,1,10
BRF:4
BRH:4
end_of_record
TN:
SF:/home/travis/build/Stupidism/cra-rewired-starter/src/store/index.js
FN:8,(anonymous_0)
FN:8,(anonymous_1)
FNF:2
FNH:2
FNDA:12,(anonymous_0)
FNDA:9,(anonymous_1)
DA:8,9
DA:9,12
DA:10,12
DA:13,12
DA:15,12
DA:20,12
LF:6
LH:6
BRDA:8,0,0,3
BRDA:8,1,0,8
BRDA:13,2,0,1
BRDA:13,2,1,11
BRF:4
BRH:4
end_of_record
TN:
SF:/home/travis/build/Stupidism/cra-rewired-starter/src/store/reducers.js
FNF:0
FNH:0
LF:0
LH:0
BRF:0
BRH:0
end_of_record
TN:
SF:/home/travis/build/Stupidism/cra-rewired-starter/src/store/modules/randomQuote.js
FN:24,(anonymous_0)
FN:25,(anonymous_1)
FN:29,(anonymous_2)
FN:34,(anonymous_3)
FN:34,(anonymous_4)
FN:42,(anonymous_5)
FN:43,(anonymous_6)
FN:56,(anonymous_7)
FN:69,(anonymous_8)
FN:73,(anonymous_9)
FN:78,(anonymous_10)
FNF:11
FNH:11
FNDA:5,(anonymous_0)
FNDA:3,(anonymous_1)
FNDA:3,(anonymous_2)
FNDA:3,(anonymous_3)
FNDA:3,(anonymous_4)
FNDA:1,(anonymous_5)
FNDA:1,(anonymous_6)
FNDA:2,(anonymous_7)
FNDA:1,(anonymous_8)
FNDA:1,(anonymous_9)
FNDA:1,(anonymous_10)
DA:17,8
DA:18,8
DA:19,8
DA:24,8
DA:25,8
DA:29,8
DA:34,8
DA:35,3
DA:36,2
DA:37,2
DA:38,2
DA:39,1
DA:42,1
DA:43,1
DA:44,1
DA:45,1
DA:49,1
DA:56,8
DA:61,8
DA:69,1
DA:73,1
DA:78,1
LF:22
LH:22
BRDA:35,0,0,1
BRDA:35,0,1,2
BRF:2
BRH:2
end_of_record
TN:
SF:/home/travis/build/Stupidism/cra-rewired-starter/src/store/modules/runtime.js
FN:22,(anonymous_0)
FN:35,(anonymous_1)
FNF:2
FNH:2
FNDA:3,(anonymous_0)
FNDA:1,(anonymous_1)
DA:7,8
DA:22,8
DA:30,8
DA:35,1
LF:4
LH:4
BRF:0
BRH:0
end_of_record
TN:
SF:/home/travis/build/Stupidism/cra-rewired-starter/src/store/selectors/logoSpinning.js
FN:3,(anonymous_0)
FNF:1
FNH:1
FNDA:1,(anonymous_0)
DA:3,6
LF:1
LH:1
BRDA:3,0,0,1
BRDA:3,0,1,1
BRF:2
BRH:2
end_of_record
TN:
SF:/home/travis/build/Stupidism/cra-rewired-starter/src/utils/delayPromise.js
FN:1,(anonymous_0)
FN:2,(anonymous_1)
FN:2,(anonymous_2)
FNF:3
FNH:3
FNDA:3,(anonymous_0)
FNDA:3,(anonymous_1)
FNDA:3,(anonymous_2)
DA:2,3
LF:1
LH:1
BRF:0
BRH:0
end_of_record
